2018-05-01 15:19:44,265 INFO o.a.j.u.JMeterUtils: Setting Locale to en_EN
2018-05-01 15:19:44,285 INFO o.a.j.JMeter: Loading user properties from: /usr/local/Cellar/jmeter/4.0/libexec/bin/user.properties
2018-05-01 15:19:44,286 INFO o.a.j.JMeter: Loading system properties from: /usr/local/Cellar/jmeter/4.0/libexec/bin/system.properties
2018-05-01 15:19:44,291 INFO o.a.j.JMeter: Copyright (c) 1998-2018 The Apache Software Foundation
2018-05-01 15:19:44,291 INFO o.a.j.JMeter: Version 4.0 r1823414
2018-05-01 15:19:44,291 INFO o.a.j.JMeter: java.version=1.8.0_162
2018-05-01 15:19:44,291 INFO o.a.j.JMeter: java.vm.name=Java HotSpot(TM) 64-Bit Server VM
2018-05-01 15:19:44,291 INFO o.a.j.JMeter: os.name=Mac OS X
2018-05-01 15:19:44,292 INFO o.a.j.JMeter: os.arch=x86_64
2018-05-01 15:19:44,292 INFO o.a.j.JMeter: os.version=10.12.6
2018-05-01 15:19:44,292 INFO o.a.j.JMeter: file.encoding=UTF-8
2018-05-01 15:19:44,292 INFO o.a.j.JMeter: Max memory     =1073741824
2018-05-01 15:19:44,292 INFO o.a.j.JMeter: Available Processors =8
2018-05-01 15:19:44,296 INFO o.a.j.JMeter: Default Locale=English (EN)
2018-05-01 15:19:44,296 INFO o.a.j.JMeter: JMeter  Locale=English (EN)
2018-05-01 15:19:44,296 INFO o.a.j.JMeter: JMeterHome=/usr/local/Cellar/jmeter/4.0/libexec
2018-05-01 15:19:44,296 INFO o.a.j.JMeter: user.dir  =/Users/tduek/dev/opschool/spree-project
2018-05-01 15:19:44,296 INFO o.a.j.JMeter: PWD       =/Users/tduek/dev/opschool/spree-project
2018-05-01 15:19:44,354 INFO o.a.j.JMeter: IP: 192.168.22.79 Name: tduek-mac FullName: 192.168.22.79
2018-05-01 15:19:45,868 INFO o.a.j.g.a.LookAndFeelCommand: Installing Darcula LAF
2018-05-01 15:19:45,884 INFO o.a.j.g.a.LookAndFeelCommand: Using look and feel: com.bulenkov.darcula.DarculaLaf [Darcula]
2018-05-01 15:19:45,884 INFO o.a.j.JMeter: Setting LAF to: com.bulenkov.darcula.DarculaLaf
2018-05-01 15:19:45,956 INFO o.a.j.JMeter: Loaded icon properties from org/apache/jmeter/images/icon.properties
2018-05-01 15:19:46,376 INFO o.a.j.e.u.CompoundVariable: Note: Function class names must contain the string: '.functions.'
2018-05-01 15:19:46,377 INFO o.a.j.e.u.CompoundVariable: Note: Function class names must not contain the string: '.gui.'
2018-05-01 15:19:47,756 INFO o.a.j.p.h.s.HTTPSamplerBase: Parser for text/html is org.apache.jmeter.protocol.http.parser.LagartoBasedHtmlParser
2018-05-01 15:19:47,756 INFO o.a.j.p.h.s.HTTPSamplerBase: Parser for application/xhtml+xml is org.apache.jmeter.protocol.http.parser.LagartoBasedHtmlParser
2018-05-01 15:19:47,756 INFO o.a.j.p.h.s.HTTPSamplerBase: Parser for application/xml is org.apache.jmeter.protocol.http.parser.LagartoBasedHtmlParser
2018-05-01 15:19:47,756 INFO o.a.j.p.h.s.HTTPSamplerBase: Parser for text/xml is org.apache.jmeter.protocol.http.parser.LagartoBasedHtmlParser
2018-05-01 15:19:47,756 INFO o.a.j.p.h.s.HTTPSamplerBase: Parser for text/vnd.wap.wml is org.apache.jmeter.protocol.http.parser.RegexpHTMLParser
2018-05-01 15:19:47,757 INFO o.a.j.p.h.s.HTTPSamplerBase: Parser for text/css is org.apache.jmeter.protocol.http.parser.CssParser
2018-05-01 15:19:48,022 INFO o.a.j.e.KeyToolUtils: keytool found at 'keytool'
2018-05-01 15:19:48,023 INFO o.a.j.p.h.p.ProxyControl: HTTP(S) Test Script Recorder SSL Proxy will use keys that support embedded 3rd party resources in file /usr/local/Cellar/jmeter/4.0/libexec/bin/proxyserver.jks
2018-05-01 15:19:48,131 INFO o.a.j.s.FileServer: Default base='/Users/tduek/dev/opschool/spree-project'
2018-05-01 15:19:48,401 INFO o.a.j.s.SampleResult: Note: Sample TimeStamps are START times
2018-05-01 15:19:48,401 INFO o.a.j.s.SampleResult: sampleresult.default.encoding is set to ISO-8859-1
2018-05-01 15:19:48,401 INFO o.a.j.s.SampleResult: sampleresult.useNanoTime=true
2018-05-01 15:19:48,401 INFO o.a.j.s.SampleResult: sampleresult.nanoThreadSleep=5000
2018-05-01 15:26:01,641 INFO o.a.j.g.a.Load: Loading file: /Users/tduek/dev/opschool/Test spree - load + random product.jmx
2018-05-01 15:26:01,642 INFO o.a.j.s.FileServer: Set new base='/Users/tduek/dev/opschool'
2018-05-01 15:26:01,750 INFO o.a.j.s.SaveService: Testplan (JMX) version: 2.2. Testlog (JTL) version: 2.2
2018-05-01 15:26:01,764 INFO o.a.j.s.SaveService: Using SaveService properties file encoding UTF-8
2018-05-01 15:26:01,765 INFO o.a.j.s.SaveService: Using SaveService properties version 4.0
2018-05-01 15:26:01,768 INFO o.a.j.s.SaveService: Loading file: /Users/tduek/dev/opschool/Test spree - load + random product.jmx
2018-05-01 15:26:01,790 INFO o.a.j.p.h.c.CookieManager: Settings: Delete null: true Check: true Allow variable: true Save: false Prefix: COOKIE_
2018-05-01 15:26:01,893 INFO o.a.j.s.FileServer: Set new base='/Users/tduek/dev/opschool'
2018-05-01 15:26:26,274 INFO o.a.j.e.StandardJMeterEngine: Running the test!
2018-05-01 15:26:26,274 INFO o.a.j.s.SampleEvent: List of sample_variables: []
2018-05-01 15:26:26,274 INFO o.a.j.s.SampleEvent: List of sample_variables: []
2018-05-01 15:26:26,281 INFO o.a.j.g.u.JMeterMenuBar: setRunning(true, *local*)
2018-05-01 15:26:26,473 INFO o.a.j.e.StandardJMeterEngine: Starting ThreadGroup: 1 : Load main page and select random product
2018-05-01 15:26:26,474 INFO o.a.j.e.StandardJMeterEngine: Starting 5 threads for group Load main page and select random product.
2018-05-01 15:26:26,474 INFO o.a.j.e.StandardJMeterEngine: Thread will continue on error
2018-05-01 15:26:26,474 INFO o.a.j.t.ThreadGroup: Starting thread group... number=1 threads=5 ramp-up=2 perThread=400.0 delayedStart=false
2018-05-01 15:26:26,480 INFO o.a.j.t.JMeterThread: Thread started: Load main page and select random product 1-1
2018-05-01 15:26:26,481 INFO o.a.j.t.ThreadGroup: Started thread group number 1
2018-05-01 15:26:26,482 INFO o.a.j.e.StandardJMeterEngine: Starting ThreadGroup: 2 : Search
2018-05-01 15:26:26,482 INFO o.a.j.e.StandardJMeterEngine: Starting 10 threads for group Search.
2018-05-01 15:26:26,482 INFO o.a.j.e.StandardJMeterEngine: Thread will continue on error
2018-05-01 15:26:26,483 INFO o.a.j.t.ThreadGroup: Starting thread group... number=2 threads=10 ramp-up=2 perThread=200.0 delayedStart=false
2018-05-01 15:26:26,487 INFO o.a.j.t.JMeterThread: Thread started: Search 2-1
2018-05-01 15:26:26,488 INFO o.a.j.t.JMeterThread: Thread is done: Search 2-1
2018-05-01 15:26:26,488 INFO o.a.j.t.JMeterThread: Thread finished: Search 2-1
2018-05-01 15:26:26,492 INFO o.a.j.t.ThreadGroup: Started thread group number 2
2018-05-01 15:26:26,492 INFO o.a.j.e.StandardJMeterEngine: All thread groups have been started
2018-05-01 15:26:26,507 INFO o.a.j.p.h.s.HTTPHCAbstractImpl: Local host = tduek-mac
2018-05-01 15:26:26,512 INFO o.a.j.p.h.s.HTTPHC4Impl: HTTP request retry count = 0
2018-05-01 15:26:26,599 INFO o.a.j.t.JMeterThread: Thread is done: Load main page and select random product 1-1
2018-05-01 15:26:26,599 INFO o.a.j.t.JMeterThread: Thread finished: Load main page and select random product 1-1
2018-05-01 15:26:26,688 INFO o.a.j.t.JMeterThread: Thread started: Search 2-2
2018-05-01 15:26:26,689 INFO o.a.j.t.JMeterThread: Thread is done: Search 2-2
2018-05-01 15:26:26,689 INFO o.a.j.t.JMeterThread: Thread finished: Search 2-2
2018-05-01 15:26:26,885 INFO o.a.j.t.JMeterThread: Thread started: Load main page and select random product 1-2
2018-05-01 15:26:26,888 INFO o.a.j.t.JMeterThread: Thread started: Search 2-3
2018-05-01 15:26:26,889 INFO o.a.j.t.JMeterThread: Thread is done: Search 2-3
2018-05-01 15:26:26,889 INFO o.a.j.t.JMeterThread: Thread finished: Search 2-3
2018-05-01 15:26:26,889 INFO o.a.j.t.JMeterThread: Thread is done: Load main page and select random product 1-2
2018-05-01 15:26:26,889 INFO o.a.j.t.JMeterThread: Thread finished: Load main page and select random product 1-2
2018-05-01 15:26:27,088 INFO o.a.j.t.JMeterThread: Thread started: Search 2-4
2018-05-01 15:26:27,089 INFO o.a.j.t.JMeterThread: Thread is done: Search 2-4
2018-05-01 15:26:27,089 INFO o.a.j.t.JMeterThread: Thread finished: Search 2-4
2018-05-01 15:26:27,286 INFO o.a.j.t.JMeterThread: Thread started: Load main page and select random product 1-3
2018-05-01 15:26:27,288 INFO o.a.j.t.JMeterThread: Thread is done: Load main page and select random product 1-3
2018-05-01 15:26:27,289 INFO o.a.j.t.JMeterThread: Thread finished: Load main page and select random product 1-3
2018-05-01 15:26:27,289 INFO o.a.j.t.JMeterThread: Thread started: Search 2-5
2018-05-01 15:26:27,289 INFO o.a.j.t.JMeterThread: Thread is done: Search 2-5
2018-05-01 15:26:27,289 INFO o.a.j.t.JMeterThread: Thread finished: Search 2-5
2018-05-01 15:26:27,494 INFO o.a.j.t.JMeterThread: Thread started: Search 2-6
2018-05-01 15:26:27,494 INFO o.a.j.t.JMeterThread: Thread is done: Search 2-6
2018-05-01 15:26:27,494 INFO o.a.j.t.JMeterThread: Thread finished: Search 2-6
2018-05-01 15:26:27,685 INFO o.a.j.t.JMeterThread: Thread started: Load main page and select random product 1-4
2018-05-01 15:26:27,688 INFO o.a.j.t.JMeterThread: Thread is done: Load main page and select random product 1-4
2018-05-01 15:26:27,688 INFO o.a.j.t.JMeterThread: Thread finished: Load main page and select random product 1-4
2018-05-01 15:26:27,689 INFO o.a.j.t.JMeterThread: Thread started: Search 2-7
2018-05-01 15:26:27,690 INFO o.a.j.t.JMeterThread: Thread is done: Search 2-7
2018-05-01 15:26:27,690 INFO o.a.j.t.JMeterThread: Thread finished: Search 2-7
2018-05-01 15:26:27,894 INFO o.a.j.t.JMeterThread: Thread started: Search 2-8
2018-05-01 15:26:27,895 INFO o.a.j.t.JMeterThread: Thread is done: Search 2-8
2018-05-01 15:26:27,895 INFO o.a.j.t.JMeterThread: Thread finished: Search 2-8
2018-05-01 15:26:28,089 INFO o.a.j.t.JMeterThread: Thread started: Load main page and select random product 1-5
2018-05-01 15:26:28,092 INFO o.a.j.t.JMeterThread: Thread is done: Load main page and select random product 1-5
2018-05-01 15:26:28,093 INFO o.a.j.t.JMeterThread: Thread finished: Load main page and select random product 1-5
2018-05-01 15:26:28,093 INFO o.a.j.t.JMeterThread: Thread started: Search 2-9
2018-05-01 15:26:28,093 INFO o.a.j.t.JMeterThread: Thread is done: Search 2-9
2018-05-01 15:26:28,093 INFO o.a.j.t.JMeterThread: Thread finished: Search 2-9
2018-05-01 15:26:28,292 INFO o.a.j.t.JMeterThread: Thread started: Search 2-10
2018-05-01 15:26:28,294 INFO o.a.j.t.JMeterThread: Thread is done: Search 2-10
2018-05-01 15:26:28,294 INFO o.a.j.t.JMeterThread: Thread finished: Search 2-10
2018-05-01 15:26:28,294 INFO o.a.j.e.StandardJMeterEngine: Notifying test listeners of end of test
2018-05-01 15:26:28,295 INFO o.a.j.g.u.JMeterMenuBar: setRunning(false, *local*)
2018-05-01 15:26:51,072 INFO o.a.j.g.a.Load: Loading file: /Users/tduek/dev/opschool/Test spree - load + random product.jmx
2018-05-01 15:26:51,072 INFO o.a.j.s.FileServer: Set new base='/Users/tduek/dev/opschool'
2018-05-01 15:26:51,072 INFO o.a.j.s.SaveService: Loading file: /Users/tduek/dev/opschool/Test spree - load + random product.jmx
2018-05-01 15:26:51,130 INFO o.a.j.s.FileServer: Set new base='/Users/tduek/dev/opschool'
2018-05-01 15:27:09,442 INFO o.a.j.g.a.Load: Loading file: /Users/tduek/dev/opschool/Test spree - load + random product.jmx
2018-05-01 15:27:09,443 INFO o.a.j.s.FileServer: Set new base='/Users/tduek/dev/opschool'
2018-05-01 15:27:09,444 INFO o.a.j.s.SaveService: Loading file: /Users/tduek/dev/opschool/Test spree - load + random product.jmx
2018-05-01 15:27:09,498 INFO o.a.j.s.FileServer: Set new base='/Users/tduek/dev/opschool'
2018-05-01 15:28:06,633 INFO o.a.j.e.StandardJMeterEngine: Running the test!
2018-05-01 15:28:06,634 INFO o.a.j.s.SampleEvent: List of sample_variables: []
2018-05-01 15:28:06,635 INFO o.a.j.g.u.JMeterMenuBar: setRunning(true, *local*)
2018-05-01 15:28:06,788 INFO o.a.j.e.StandardJMeterEngine: Starting ThreadGroup: 1 : Load main page and select random product
2018-05-01 15:28:06,789 INFO o.a.j.e.StandardJMeterEngine: Starting 10 threads for group Load main page and select random product.
2018-05-01 15:28:06,789 INFO o.a.j.e.StandardJMeterEngine: Thread will continue on error
2018-05-01 15:28:06,789 INFO o.a.j.t.ThreadGroup: Starting thread group... number=1 threads=10 ramp-up=2 perThread=200.0 delayedStart=false
2018-05-01 15:28:06,790 INFO o.a.j.t.JMeterThread: Thread started: Load main page and select random product 1-1
2018-05-01 15:28:06,792 INFO o.a.j.t.ThreadGroup: Started thread group number 1
2018-05-01 15:28:06,793 INFO o.a.j.e.StandardJMeterEngine: Starting ThreadGroup: 2 : Search
2018-05-01 15:28:06,793 INFO o.a.j.e.StandardJMeterEngine: Starting 10 threads for group Search.
2018-05-01 15:28:06,793 INFO o.a.j.e.StandardJMeterEngine: Thread will continue on error
2018-05-01 15:28:06,793 INFO o.a.j.t.ThreadGroup: Starting thread group... number=2 threads=10 ramp-up=2 perThread=200.0 delayedStart=false
2018-05-01 15:28:06,793 INFO o.a.j.t.JMeterThread: Thread started: Search 2-1
2018-05-01 15:28:06,794 INFO o.a.j.t.JMeterThread: Thread is done: Search 2-1
2018-05-01 15:28:06,794 INFO o.a.j.t.JMeterThread: Thread finished: Search 2-1
2018-05-01 15:28:06,796 INFO o.a.j.t.ThreadGroup: Started thread group number 2
2018-05-01 15:28:06,796 INFO o.a.j.e.StandardJMeterEngine: All thread groups have been started
2018-05-01 15:28:06,809 INFO o.a.j.t.JMeterThread: Thread is done: Load main page and select random product 1-1
2018-05-01 15:28:06,809 INFO o.a.j.t.JMeterThread: Thread finished: Load main page and select random product 1-1
2018-05-01 15:28:06,993 INFO o.a.j.t.JMeterThread: Thread started: Load main page and select random product 1-2
2018-05-01 15:28:06,998 INFO o.a.j.t.JMeterThread: Thread started: Search 2-2
2018-05-01 15:28:06,999 INFO o.a.j.t.JMeterThread: Thread is done: Search 2-2
2018-05-01 15:28:06,999 INFO o.a.j.t.JMeterThread: Thread finished: Search 2-2
2018-05-01 15:28:07,009 INFO o.a.j.t.JMeterThread: Thread is done: Load main page and select random product 1-2
2018-05-01 15:28:07,009 INFO o.a.j.t.JMeterThread: Thread finished: Load main page and select random product 1-2
2018-05-01 15:28:07,196 INFO o.a.j.t.JMeterThread: Thread started: Load main page and select random product 1-3
2018-05-01 15:28:07,197 INFO o.a.j.t.JMeterThread: Thread started: Search 2-3
2018-05-01 15:28:07,199 INFO o.a.j.t.JMeterThread: Thread is done: Search 2-3
2018-05-01 15:28:07,200 INFO o.a.j.t.JMeterThread: Thread finished: Search 2-3
2018-05-01 15:28:07,210 INFO o.a.j.t.JMeterThread: Thread is done: Load main page and select random product 1-3
2018-05-01 15:28:07,210 INFO o.a.j.t.JMeterThread: Thread finished: Load main page and select random product 1-3
2018-05-01 15:28:07,392 INFO o.a.j.t.JMeterThread: Thread started: Load main page and select random product 1-4
2018-05-01 15:28:07,397 INFO o.a.j.t.JMeterThread: Thread started: Search 2-4
2018-05-01 15:28:07,398 INFO o.a.j.t.JMeterThread: Thread is done: Search 2-4
2018-05-01 15:28:07,398 INFO o.a.j.t.JMeterThread: Thread finished: Search 2-4
2018-05-01 15:28:07,405 INFO o.a.j.t.JMeterThread: Thread is done: Load main page and select random product 1-4
2018-05-01 15:28:07,405 INFO o.a.j.t.JMeterThread: Thread finished: Load main page and select random product 1-4
2018-05-01 15:28:07,592 INFO o.a.j.t.JMeterThread: Thread started: Load main page and select random product 1-5
2018-05-01 15:28:07,598 INFO o.a.j.t.JMeterThread: Thread started: Search 2-5
2018-05-01 15:28:07,598 INFO o.a.j.t.JMeterThread: Thread is done: Search 2-5
2018-05-01 15:28:07,598 INFO o.a.j.t.JMeterThread: Thread finished: Search 2-5
2018-05-01 15:28:07,605 INFO o.a.j.t.JMeterThread: Thread is done: Load main page and select random product 1-5
2018-05-01 15:28:07,605 INFO o.a.j.t.JMeterThread: Thread finished: Load main page and select random product 1-5
2018-05-01 15:28:07,792 INFO o.a.j.t.JMeterThread: Thread started: Load main page and select random product 1-6
2018-05-01 15:28:07,798 INFO o.a.j.t.JMeterThread: Thread started: Search 2-6
2018-05-01 15:28:07,798 INFO o.a.j.t.JMeterThread: Thread is done: Search 2-6
2018-05-01 15:28:07,798 INFO o.a.j.t.JMeterThread: Thread finished: Search 2-6
2018-05-01 15:28:07,805 INFO o.a.j.t.JMeterThread: Thread is done: Load main page and select random product 1-6
2018-05-01 15:28:07,805 INFO o.a.j.t.JMeterThread: Thread finished: Load main page and select random product 1-6
2018-05-01 15:28:07,992 INFO o.a.j.t.JMeterThread: Thread started: Load main page and select random product 1-7
2018-05-01 15:28:08,000 INFO o.a.j.t.JMeterThread: Thread started: Search 2-7
2018-05-01 15:28:08,001 INFO o.a.j.t.JMeterThread: Thread is done: Search 2-7
2018-05-01 15:28:08,001 INFO o.a.j.t.JMeterThread: Thread finished: Search 2-7
2018-05-01 15:28:08,002 INFO o.a.j.t.JMeterThread: Thread is done: Load main page and select random product 1-7
2018-05-01 15:28:08,002 INFO o.a.j.t.JMeterThread: Thread finished: Load main page and select random product 1-7
2018-05-01 15:28:08,197 INFO o.a.j.t.JMeterThread: Thread started: Load main page and select random product 1-8
2018-05-01 15:28:08,197 INFO o.a.j.t.JMeterThread: Thread started: Search 2-8
2018-05-01 15:28:08,197 INFO o.a.j.t.JMeterThread: Thread is done: Search 2-8
2018-05-01 15:28:08,197 INFO o.a.j.t.JMeterThread: Thread finished: Search 2-8
2018-05-01 15:28:08,210 INFO o.a.j.t.JMeterThread: Thread is done: Load main page and select random product 1-8
2018-05-01 15:28:08,210 INFO o.a.j.t.JMeterThread: Thread finished: Load main page and select random product 1-8
2018-05-01 15:28:08,393 INFO o.a.j.t.JMeterThread: Thread started: Load main page and select random product 1-9
2018-05-01 15:28:08,400 INFO o.a.j.t.JMeterThread: Thread started: Search 2-9
2018-05-01 15:28:08,401 INFO o.a.j.t.JMeterThread: Thread is done: Search 2-9
2018-05-01 15:28:08,401 INFO o.a.j.t.JMeterThread: Thread finished: Search 2-9
2018-05-01 15:28:08,405 INFO o.a.j.t.JMeterThread: Thread is done: Load main page and select random product 1-9
2018-05-01 15:28:08,405 INFO o.a.j.t.JMeterThread: Thread finished: Load main page and select random product 1-9
2018-05-01 15:28:08,594 INFO o.a.j.t.JMeterThread: Thread started: Load main page and select random product 1-10
2018-05-01 15:28:08,597 INFO o.a.j.t.JMeterThread: Thread started: Search 2-10
2018-05-01 15:28:08,598 INFO o.a.j.t.JMeterThread: Thread is done: Search 2-10
2018-05-01 15:28:08,598 INFO o.a.j.t.JMeterThread: Thread finished: Search 2-10
2018-05-01 15:28:08,603 INFO o.a.j.t.JMeterThread: Thread is done: Load main page and select random product 1-10
2018-05-01 15:28:08,603 INFO o.a.j.t.JMeterThread: Thread finished: Load main page and select random product 1-10
2018-05-01 15:28:08,604 INFO o.a.j.e.StandardJMeterEngine: Notifying test listeners of end of test
2018-05-01 15:28:08,604 INFO o.a.j.g.u.JMeterMenuBar: setRunning(false, *local*)
2018-05-01 15:28:33,571 INFO o.a.j.e.StandardJMeterEngine: Running the test!
2018-05-01 15:28:33,571 INFO o.a.j.s.SampleEvent: List of sample_variables: []
2018-05-01 15:28:33,572 INFO o.a.j.g.u.JMeterMenuBar: setRunning(true, *local*)
2018-05-01 15:28:33,698 INFO o.a.j.e.StandardJMeterEngine: Starting ThreadGroup: 1 : Load main page and select random product
2018-05-01 15:28:33,698 INFO o.a.j.e.StandardJMeterEngine: Starting 10 threads for group Load main page and select random product.
2018-05-01 15:28:33,698 INFO o.a.j.e.StandardJMeterEngine: Thread will continue on error
2018-05-01 15:28:33,698 INFO o.a.j.t.ThreadGroup: Starting thread group... number=1 threads=10 ramp-up=2 perThread=200.0 delayedStart=false
2018-05-01 15:28:33,699 INFO o.a.j.t.JMeterThread: Thread started: Load main page and select random product 1-1
2018-05-01 15:28:33,702 INFO o.a.j.t.ThreadGroup: Started thread group number 1
2018-05-01 15:28:33,702 INFO o.a.j.e.StandardJMeterEngine: Starting ThreadGroup: 2 : Search
2018-05-01 15:28:33,702 INFO o.a.j.e.StandardJMeterEngine: Starting 10 threads for group Search.
2018-05-01 15:28:33,702 INFO o.a.j.e.StandardJMeterEngine: Thread will continue on error
2018-05-01 15:28:33,702 INFO o.a.j.t.ThreadGroup: Starting thread group... number=2 threads=10 ramp-up=2 perThread=200.0 delayedStart=false
2018-05-01 15:28:33,703 INFO o.a.j.t.JMeterThread: Thread started: Search 2-1
2018-05-01 15:28:33,703 INFO o.a.j.t.JMeterThread: Thread is done: Search 2-1
2018-05-01 15:28:33,703 INFO o.a.j.t.JMeterThread: Thread finished: Search 2-1
2018-05-01 15:28:33,705 INFO o.a.j.t.ThreadGroup: Started thread group number 2
2018-05-01 15:28:33,705 INFO o.a.j.e.StandardJMeterEngine: All thread groups have been started
2018-05-01 15:28:33,900 INFO o.a.j.t.JMeterThread: Thread started: Load main page and select random product 1-2
2018-05-01 15:28:33,904 INFO o.a.j.t.JMeterThread: Thread started: Search 2-2
2018-05-01 15:28:33,905 INFO o.a.j.t.JMeterThread: Thread is done: Search 2-2
2018-05-01 15:28:33,906 INFO o.a.j.t.JMeterThread: Thread finished: Search 2-2
2018-05-01 15:28:34,105 INFO o.a.j.t.JMeterThread: Thread started: Search 2-3
2018-05-01 15:28:34,105 INFO o.a.j.t.JMeterThread: Thread started: Load main page and select random product 1-3
2018-05-01 15:28:34,106 INFO o.a.j.t.JMeterThread: Thread is done: Search 2-3
2018-05-01 15:28:34,106 INFO o.a.j.t.JMeterThread: Thread finished: Search 2-3
2018-05-01 15:28:34,300 INFO o.a.j.t.JMeterThread: Thread started: Load main page and select random product 1-4
2018-05-01 15:28:34,304 INFO o.a.j.t.JMeterThread: Thread started: Search 2-4
2018-05-01 15:28:34,306 INFO o.a.j.t.JMeterThread: Thread is done: Search 2-4
2018-05-01 15:28:34,306 INFO o.a.j.t.JMeterThread: Thread finished: Search 2-4
2018-05-01 15:28:34,504 INFO o.a.j.t.JMeterThread: Thread started: Load main page and select random product 1-5
2018-05-01 15:28:34,504 INFO o.a.j.t.JMeterThread: Thread started: Search 2-5
2018-05-01 15:28:34,505 INFO o.a.j.t.JMeterThread: Thread is done: Search 2-5
2018-05-01 15:28:34,505 INFO o.a.j.t.JMeterThread: Thread finished: Search 2-5
2018-05-01 15:28:34,702 INFO o.a.j.t.JMeterThread: Thread started: Load main page and select random product 1-6
2018-05-01 15:28:34,708 INFO o.a.j.t.JMeterThread: Thread started: Search 2-6
2018-05-01 15:28:34,708 INFO o.a.j.t.JMeterThread: Thread is done: Search 2-6
2018-05-01 15:28:34,708 INFO o.a.j.t.JMeterThread: Thread finished: Search 2-6
2018-05-01 15:28:34,905 INFO o.a.j.t.JMeterThread: Thread started: Search 2-7
2018-05-01 15:28:34,905 INFO o.a.j.t.JMeterThread: Thread started: Load main page and select random product 1-7
2018-05-01 15:28:34,905 INFO o.a.j.t.JMeterThread: Thread is done: Search 2-7
2018-05-01 15:28:34,905 INFO o.a.j.t.JMeterThread: Thread finished: Search 2-7
2018-05-01 15:28:35,106 INFO o.a.j.t.JMeterThread: Thread started: Load main page and select random product 1-8
2018-05-01 15:28:35,108 INFO o.a.j.t.JMeterThread: Thread started: Search 2-8
2018-05-01 15:28:35,108 INFO o.a.j.t.JMeterThread: Thread is done: Search 2-8
2018-05-01 15:28:35,108 INFO o.a.j.t.JMeterThread: Thread finished: Search 2-8
2018-05-01 15:28:35,304 INFO o.a.j.t.JMeterThread: Thread started: Load main page and select random product 1-9
2018-05-01 15:28:35,307 INFO o.a.j.t.JMeterThread: Thread started: Search 2-9
2018-05-01 15:28:35,309 INFO o.a.j.t.JMeterThread: Thread is done: Search 2-9
2018-05-01 15:28:35,309 INFO o.a.j.t.JMeterThread: Thread finished: Search 2-9
2018-05-01 15:28:35,503 INFO o.a.j.t.JMeterThread: Thread started: Load main page and select random product 1-10
2018-05-01 15:28:35,508 INFO o.a.j.t.JMeterThread: Thread started: Search 2-10
2018-05-01 15:28:35,508 INFO o.a.j.t.JMeterThread: Thread is done: Search 2-10
2018-05-01 15:28:35,508 INFO o.a.j.t.JMeterThread: Thread finished: Search 2-10
2018-05-01 15:28:46,947 INFO o.a.j.g.a.Start: Stopping test
2018-05-01 15:28:46,963 INFO o.a.j.t.JMeterThread: Stopping: Load main page and select random product 1-2
2018-05-01 15:28:46,963 WARN o.a.j.t.JMeterThread: Interrupting: Load main page and select random product 1-2 sampler: HTTP Request
2018-05-01 15:28:46,964 INFO o.a.j.t.JMeterThread: Stopping: Load main page and select random product 1-1
2018-05-01 15:28:46,964 WARN o.a.j.t.JMeterThread: Interrupting: Load main page and select random product 1-1 sampler: HTTP Request
2018-05-01 15:28:46,965 INFO o.a.j.t.JMeterThread: Stopping: Load main page and select random product 1-8
2018-05-01 15:28:46,965 WARN o.a.j.t.JMeterThread: Interrupting: Load main page and select random product 1-8 sampler: HTTP Request
2018-05-01 15:28:46,966 INFO o.a.j.t.JMeterThread: Stopping: Load main page and select random product 1-3
2018-05-01 15:28:46,966 WARN o.a.j.t.JMeterThread: Interrupting: Load main page and select random product 1-3 sampler: HTTP Request
2018-05-01 15:28:46,966 INFO o.a.j.t.JMeterThread: Stopping: Load main page and select random product 1-6
2018-05-01 15:28:46,966 INFO o.a.j.t.JMeterThread: Thread finished: Load main page and select random product 1-2
2018-05-01 15:28:46,966 INFO o.a.j.t.JMeterThread: Thread finished: Load main page and select random product 1-1
2018-05-01 15:28:46,966 WARN o.a.j.t.JMeterThread: Interrupting: Load main page and select random product 1-6 sampler: HTTP Request
2018-05-01 15:28:46,966 INFO o.a.j.t.JMeterThread: Thread finished: Load main page and select random product 1-8
2018-05-01 15:28:46,967 INFO o.a.j.t.JMeterThread: Stopping: Load main page and select random product 1-9
2018-05-01 15:28:46,967 WARN o.a.j.t.JMeterThread: Interrupting: Load main page and select random product 1-9 sampler: HTTP Request
2018-05-01 15:28:46,968 INFO o.a.j.t.JMeterThread: Stopping: Load main page and select random product 1-7
2018-05-01 15:28:46,968 WARN o.a.j.t.JMeterThread: Interrupting: Load main page and select random product 1-7 sampler: HTTP Request
2018-05-01 15:28:46,968 INFO o.a.j.t.JMeterThread: Thread finished: Load main page and select random product 1-3
2018-05-01 15:28:46,968 INFO o.a.j.t.JMeterThread: Thread finished: Load main page and select random product 1-6
2018-05-01 15:28:46,969 INFO o.a.j.t.JMeterThread: Stopping: Load main page and select random product 1-10
2018-05-01 15:28:46,969 WARN o.a.j.t.JMeterThread: Interrupting: Load main page and select random product 1-10 sampler: HTTP Request
2018-05-01 15:28:46,969 INFO o.a.j.t.JMeterThread: Thread finished: Load main page and select random product 1-9
2018-05-01 15:28:46,969 INFO o.a.j.t.JMeterThread: Stopping: Load main page and select random product 1-4
2018-05-01 15:28:46,970 WARN o.a.j.t.JMeterThread: Interrupting: Load main page and select random product 1-4 sampler: HTTP Request
2018-05-01 15:28:46,970 INFO o.a.j.t.JMeterThread: Thread finished: Load main page and select random product 1-7
2018-05-01 15:28:46,970 INFO o.a.j.t.JMeterThread: Stopping: Load main page and select random product 1-5
2018-05-01 15:28:46,970 WARN o.a.j.t.JMeterThread: Interrupting: Load main page and select random product 1-5 sampler: HTTP Request
2018-05-01 15:28:46,971 INFO o.a.j.t.JMeterThread: Thread finished: Load main page and select random product 1-10
2018-05-01 15:28:46,971 INFO o.a.j.t.JMeterThread: Thread finished: Load main page and select random product 1-4
2018-05-01 15:28:46,971 INFO o.a.j.t.JMeterThread: Thread finished: Load main page and select random product 1-5
2018-05-01 15:28:46,971 INFO o.a.j.e.StandardJMeterEngine: Notifying test listeners of end of test
2018-05-01 15:28:46,972 INFO o.a.j.g.u.JMeterMenuBar: setRunning(false, *local*)
2018-05-01 15:29:22,222 INFO o.a.j.g.a.Load: Loading file: /Users/tduek/dev/opschool/Test spree - load + random product.jmx
2018-05-01 15:29:22,222 INFO o.a.j.s.FileServer: Set new base='/Users/tduek/dev/opschool'
2018-05-01 15:29:22,222 INFO o.a.j.s.SaveService: Loading file: /Users/tduek/dev/opschool/Test spree - load + random product.jmx
2018-05-01 15:29:22,270 INFO o.a.j.s.FileServer: Set new base='/Users/tduek/dev/opschool'
2018-05-01 15:29:42,313 INFO o.a.j.e.StandardJMeterEngine: Running the test!
2018-05-01 15:29:42,314 INFO o.a.j.s.SampleEvent: List of sample_variables: []
2018-05-01 15:29:42,314 INFO o.a.j.g.u.JMeterMenuBar: setRunning(true, *local*)
2018-05-01 15:29:42,472 INFO o.a.j.e.StandardJMeterEngine: Starting ThreadGroup: 1 : Load main page and select random product
2018-05-01 15:29:42,472 INFO o.a.j.e.StandardJMeterEngine: Starting 10 threads for group Load main page and select random product.
2018-05-01 15:29:42,472 INFO o.a.j.e.StandardJMeterEngine: Thread will continue on error
2018-05-01 15:29:42,472 INFO o.a.j.t.ThreadGroup: Starting thread group... number=1 threads=10 ramp-up=1 perThread=100.0 delayedStart=false
2018-05-01 15:29:42,472 INFO o.a.j.t.JMeterThread: Thread started: Load main page and select random product 1-1
2018-05-01 15:29:42,474 INFO o.a.j.t.ThreadGroup: Started thread group number 1
2018-05-01 15:29:42,474 INFO o.a.j.e.StandardJMeterEngine: Starting ThreadGroup: 2 : Search
2018-05-01 15:29:42,474 INFO o.a.j.e.StandardJMeterEngine: Starting 10 threads for group Search.
2018-05-01 15:29:42,474 INFO o.a.j.e.StandardJMeterEngine: Thread will continue on error
2018-05-01 15:29:42,474 INFO o.a.j.t.ThreadGroup: Starting thread group... number=2 threads=10 ramp-up=2 perThread=200.0 delayedStart=false
2018-05-01 15:29:42,475 INFO o.a.j.t.JMeterThread: Thread started: Search 2-1
2018-05-01 15:29:42,475 INFO o.a.j.t.JMeterThread: Thread is done: Search 2-1
2018-05-01 15:29:42,476 INFO o.a.j.t.JMeterThread: Thread finished: Search 2-1
2018-05-01 15:29:42,476 INFO o.a.j.t.ThreadGroup: Started thread group number 2
2018-05-01 15:29:42,477 INFO o.a.j.e.StandardJMeterEngine: All thread groups have been started
2018-05-01 15:29:42,575 INFO o.a.j.t.JMeterThread: Thread started: Load main page and select random product 1-2
2018-05-01 15:29:42,678 INFO o.a.j.t.JMeterThread: Thread started: Load main page and select random product 1-3
2018-05-01 15:29:42,678 INFO o.a.j.t.JMeterThread: Thread started: Search 2-2
2018-05-01 15:29:42,678 INFO o.a.j.t.JMeterThread: Thread is done: Search 2-2
2018-05-01 15:29:42,678 INFO o.a.j.t.JMeterThread: Thread finished: Search 2-2
2018-05-01 15:29:42,778 INFO o.a.j.t.JMeterThread: Thread started: Load main page and select random product 1-4
2018-05-01 15:29:42,877 INFO o.a.j.t.JMeterThread: Thread started: Load main page and select random product 1-5
2018-05-01 15:29:42,878 INFO o.a.j.t.JMeterThread: Thread started: Search 2-3
2018-05-01 15:29:42,879 INFO o.a.j.t.JMeterThread: Thread is done: Search 2-3
2018-05-01 15:29:42,879 INFO o.a.j.t.JMeterThread: Thread finished: Search 2-3
2018-05-01 15:29:42,976 INFO o.a.j.t.JMeterThread: Thread started: Load main page and select random product 1-6
2018-05-01 15:29:43,076 INFO o.a.j.t.JMeterThread: Thread started: Load main page and select random product 1-7
2018-05-01 15:29:43,079 INFO o.a.j.t.JMeterThread: Thread started: Search 2-4
2018-05-01 15:29:43,079 INFO o.a.j.t.JMeterThread: Thread is done: Search 2-4
2018-05-01 15:29:43,079 INFO o.a.j.t.JMeterThread: Thread finished: Search 2-4
2018-05-01 15:29:43,177 INFO o.a.j.t.JMeterThread: Thread started: Load main page and select random product 1-8
2018-05-01 15:29:43,274 INFO o.a.j.t.JMeterThread: Thread started: Load main page and select random product 1-9
2018-05-01 15:29:43,279 INFO o.a.j.t.JMeterThread: Thread started: Search 2-5
2018-05-01 15:29:43,280 INFO o.a.j.t.JMeterThread: Thread is done: Search 2-5
2018-05-01 15:29:43,280 INFO o.a.j.t.JMeterThread: Thread finished: Search 2-5
2018-05-01 15:29:43,377 INFO o.a.j.t.JMeterThread: Thread started: Load main page and select random product 1-10
2018-05-01 15:29:43,476 INFO o.a.j.t.JMeterThread: Thread started: Search 2-6
2018-05-01 15:29:43,477 INFO o.a.j.t.JMeterThread: Thread is done: Search 2-6
2018-05-01 15:29:43,477 INFO o.a.j.t.JMeterThread: Thread finished: Search 2-6
2018-05-01 15:29:43,677 INFO o.a.j.t.JMeterThread: Thread started: Search 2-7
2018-05-01 15:29:43,677 INFO o.a.j.t.JMeterThread: Thread is done: Search 2-7
2018-05-01 15:29:43,677 INFO o.a.j.t.JMeterThread: Thread finished: Search 2-7
2018-05-01 15:29:43,877 INFO o.a.j.t.JMeterThread: Thread started: Search 2-8
2018-05-01 15:29:43,877 INFO o.a.j.t.JMeterThread: Thread is done: Search 2-8
2018-05-01 15:29:43,878 INFO o.a.j.t.JMeterThread: Thread finished: Search 2-8
2018-05-01 15:29:44,078 INFO o.a.j.t.JMeterThread: Thread started: Search 2-9
2018-05-01 15:29:44,079 INFO o.a.j.t.JMeterThread: Thread is done: Search 2-9
2018-05-01 15:29:44,079 INFO o.a.j.t.JMeterThread: Thread finished: Search 2-9
2018-05-01 15:29:44,277 INFO o.a.j.t.JMeterThread: Thread started: Search 2-10
2018-05-01 15:29:44,278 INFO o.a.j.t.JMeterThread: Thread is done: Search 2-10
2018-05-01 15:29:44,278 INFO o.a.j.t.JMeterThread: Thread finished: Search 2-10
2018-05-01 15:30:14,674 INFO o.a.j.g.a.Start: Stopping test
2018-05-01 15:30:14,691 INFO o.a.j.t.JMeterThread: Stopping: Load main page and select random product 1-5
2018-05-01 15:30:14,691 WARN o.a.j.t.JMeterThread: Interrupting: Load main page and select random product 1-5 sampler: HTTP Request
2018-05-01 15:30:14,691 INFO o.a.j.t.JMeterThread: Stopping: Load main page and select random product 1-7
2018-05-01 15:30:14,691 WARN o.a.j.t.JMeterThread: Interrupting: Load main page and select random product 1-7 sampler: HTTP Request
2018-05-01 15:30:14,692 INFO o.a.j.t.JMeterThread: Stopping: Load main page and select random product 1-6
2018-05-01 15:30:14,692 WARN o.a.j.t.JMeterThread: Interrupting: Load main page and select random product 1-6 sampler: HTTP Request
2018-05-01 15:30:14,693 INFO o.a.j.t.JMeterThread: Stopping: Load main page and select random product 1-4
2018-05-01 15:30:14,693 WARN o.a.j.t.JMeterThread: Interrupting: Load main page and select random product 1-4 sampler: HTTP Request
2018-05-01 15:30:14,694 INFO o.a.j.t.JMeterThread: Stopping: Load main page and select random product 1-9
2018-05-01 15:30:14,694 INFO o.a.j.t.JMeterThread: Thread finished: Load main page and select random product 1-7
2018-05-01 15:30:14,694 WARN o.a.j.t.JMeterThread: Interrupting: Load main page and select random product 1-9 sampler: HTTP Request
2018-05-01 15:30:14,694 INFO o.a.j.t.JMeterThread: Thread finished: Load main page and select random product 1-5
2018-05-01 15:30:14,694 INFO o.a.j.t.JMeterThread: Stopping: Load main page and select random product 1-1
2018-05-01 15:30:14,694 INFO o.a.j.t.JMeterThread: Thread finished: Load main page and select random product 1-6
2018-05-01 15:30:14,694 WARN o.a.j.t.JMeterThread: Interrupting: Load main page and select random product 1-1 sampler: HTTP Request
2018-05-01 15:30:14,695 INFO o.a.j.t.JMeterThread: Thread finished: Load main page and select random product 1-4
2018-05-01 15:30:14,695 INFO o.a.j.t.JMeterThread: Stopping: Load main page and select random product 1-8
2018-05-01 15:30:14,695 WARN o.a.j.t.JMeterThread: Interrupting: Load main page and select random product 1-8 sampler: HTTP Request
2018-05-01 15:30:14,696 INFO o.a.j.t.JMeterThread: Stopping: Load main page and select random product 1-2
2018-05-01 15:30:14,696 INFO o.a.j.t.JMeterThread: Thread finished: Load main page and select random product 1-9
2018-05-01 15:30:14,696 WARN o.a.j.t.JMeterThread: Interrupting: Load main page and select random product 1-2 sampler: HTTP Request
2018-05-01 15:30:14,696 INFO o.a.j.t.JMeterThread: Stopping: Load main page and select random product 1-3
2018-05-01 15:30:14,696 WARN o.a.j.t.JMeterThread: Interrupting: Load main page and select random product 1-3 sampler: HTTP Request
2018-05-01 15:30:14,696 INFO o.a.j.t.JMeterThread: Thread finished: Load main page and select random product 1-1
2018-05-01 15:30:14,697 INFO o.a.j.t.JMeterThread: Thread finished: Load main page and select random product 1-8
2018-05-01 15:30:14,697 INFO o.a.j.t.JMeterThread: Stopping: Load main page and select random product 1-10
2018-05-01 15:30:14,697 WARN o.a.j.t.JMeterThread: Interrupting: Load main page and select random product 1-10 sampler: HTTP Request
2018-05-01 15:30:14,698 INFO o.a.j.t.JMeterThread: Thread finished: Load main page and select random product 1-2
2018-05-01 15:30:14,698 INFO o.a.j.t.JMeterThread: Thread finished: Load main page and select random product 1-3
2018-05-01 15:30:14,699 INFO o.a.j.t.JMeterThread: Thread finished: Load main page and select random product 1-10
2018-05-01 15:30:14,699 INFO o.a.j.e.StandardJMeterEngine: Notifying test listeners of end of test
2018-05-01 15:30:14,699 INFO o.a.j.g.u.JMeterMenuBar: setRunning(false, *local*)
2018-05-01 15:30:19,491 INFO o.a.j.e.StandardJMeterEngine: Running the test!
2018-05-01 15:30:19,491 INFO o.a.j.s.SampleEvent: List of sample_variables: []
2018-05-01 15:30:19,493 INFO o.a.j.g.u.JMeterMenuBar: setRunning(true, *local*)
2018-05-01 15:30:19,634 INFO o.a.j.e.StandardJMeterEngine: Starting ThreadGroup: 1 : Load main page and select random product
2018-05-01 15:30:19,635 INFO o.a.j.e.StandardJMeterEngine: Starting 100 threads for group Load main page and select random product.
2018-05-01 15:30:19,635 INFO o.a.j.e.StandardJMeterEngine: Thread will continue on error
2018-05-01 15:30:19,635 INFO o.a.j.t.ThreadGroup: Starting thread group... number=1 threads=100 ramp-up=1 perThread=10.0 delayedStart=false
2018-05-01 15:30:19,636 INFO o.a.j.t.JMeterThread: Thread started: Load main page and select random product 1-1
2018-05-01 15:30:19,647 INFO o.a.j.t.JMeterThread: Thread started: Load main page and select random product 1-2
2018-05-01 15:30:19,660 INFO o.a.j.t.JMeterThread: Thread started: Load main page and select random product 1-3
2018-05-01 15:30:19,668 INFO o.a.j.t.JMeterThread: Thread started: Load main page and select random product 1-4
2018-05-01 15:30:19,672 INFO o.a.j.t.ThreadGroup: Started thread group number 1
2018-05-01 15:30:19,672 INFO o.a.j.e.StandardJMeterEngine: Starting ThreadGroup: 2 : Search
2018-05-01 15:30:19,672 INFO o.a.j.e.StandardJMeterEngine: Starting 10 threads for group Search.
2018-05-01 15:30:19,673 INFO o.a.j.e.StandardJMeterEngine: Thread will continue on error
2018-05-01 15:30:19,673 INFO o.a.j.t.ThreadGroup: Starting thread group... number=2 threads=10 ramp-up=2 perThread=200.0 delayedStart=false
2018-05-01 15:30:19,673 INFO o.a.j.t.JMeterThread: Thread started: Search 2-1
2018-05-01 15:30:19,674 INFO o.a.j.t.JMeterThread: Thread is done: Search 2-1
2018-05-01 15:30:19,674 INFO o.a.j.t.JMeterThread: Thread finished: Search 2-1
2018-05-01 15:30:19,676 INFO o.a.j.t.ThreadGroup: Started thread group number 2
2018-05-01 15:30:19,676 INFO o.a.j.e.StandardJMeterEngine: All thread groups have been started
2018-05-01 15:30:19,678 INFO o.a.j.t.JMeterThread: Thread started: Load main page and select random product 1-5
2018-05-01 15:30:19,691 INFO o.a.j.t.JMeterThread: Thread started: Load main page and select random product 1-6
2018-05-01 15:30:19,698 INFO o.a.j.t.JMeterThread: Thread started: Load main page and select random product 1-7
2018-05-01 15:30:19,709 INFO o.a.j.t.JMeterThread: Thread started: Load main page and select random product 1-8
2018-05-01 15:30:19,719 INFO o.a.j.t.JMeterThread: Thread started: Load main page and select random product 1-9
2018-05-01 15:30:19,730 INFO o.a.j.t.JMeterThread: Thread started: Load main page and select random product 1-10
2018-05-01 15:30:19,743 INFO o.a.j.t.JMeterThread: Thread started: Load main page and select random product 1-11
2018-05-01 15:30:19,751 INFO o.a.j.t.JMeterThread: Thread started: Load main page and select random product 1-12
2018-05-01 15:30:19,765 INFO o.a.j.t.JMeterThread: Thread started: Load main page and select random product 1-13
2018-05-01 15:30:19,776 INFO o.a.j.t.JMeterThread: Thread started: Load main page and select random product 1-14
2018-05-01 15:30:19,784 INFO o.a.j.t.JMeterThread: Thread started: Load main page and select random product 1-15
2018-05-01 15:30:19,792 INFO o.a.j.t.JMeterThread: Thread started: Load main page and select random product 1-16
2018-05-01 15:30:19,802 INFO o.a.j.t.JMeterThread: Thread started: Load main page and select random product 1-17
2018-05-01 15:30:19,816 INFO o.a.j.t.JMeterThread: Thread started: Load main page and select random product 1-18
2018-05-01 15:30:19,826 INFO o.a.j.t.JMeterThread: Thread started: Load main page and select random product 1-19
2018-05-01 15:30:19,835 INFO o.a.j.t.JMeterThread: Thread started: Load main page and select random product 1-20
2018-05-01 15:30:19,843 INFO o.a.j.t.JMeterThread: Thread started: Load main page and select random product 1-21
2018-05-01 15:30:19,857 INFO o.a.j.t.JMeterThread: Thread started: Load main page and select random product 1-22
2018-05-01 15:30:19,865 INFO o.a.j.t.JMeterThread: Thread started: Load main page and select random product 1-23
2018-05-01 15:30:19,878 INFO o.a.j.t.JMeterThread: Thread started: Search 2-2
2018-05-01 15:30:19,878 INFO o.a.j.t.JMeterThread: Thread started: Load main page and select random product 1-24
2018-05-01 15:30:19,878 INFO o.a.j.t.JMeterThread: Thread is done: Search 2-2
2018-05-01 15:30:19,878 INFO o.a.j.t.JMeterThread: Thread finished: Search 2-2
2018-05-01 15:30:19,884 INFO o.a.j.t.JMeterThread: Thread started: Load main page and select random product 1-25
2018-05-01 15:30:19,898 INFO o.a.j.t.JMeterThread: Thread started: Load main page and select random product 1-26
2018-05-01 15:30:19,906 INFO o.a.j.t.JMeterThread: Thread started: Load main page and select random product 1-27
2018-05-01 15:30:19,917 INFO o.a.j.t.JMeterThread: Thread started: Load main page and select random product 1-28
2018-05-01 15:30:19,926 INFO o.a.j.t.JMeterThread: Thread started: Load main page and select random product 1-29
2018-05-01 15:30:19,936 INFO o.a.j.t.JMeterThread: Thread started: Load main page and select random product 1-30
2018-05-01 15:30:19,948 INFO o.a.j.t.JMeterThread: Thread started: Load main page and select random product 1-31
2018-05-01 15:30:19,959 INFO o.a.j.t.JMeterThread: Thread started: Load main page and select random product 1-32
2018-05-01 15:30:19,970 INFO o.a.j.t.JMeterThread: Thread started: Load main page and select random product 1-33
2018-05-01 15:30:19,981 INFO o.a.j.t.JMeterThread: Thread started: Load main page and select random product 1-34
2018-05-01 15:30:19,989 INFO o.a.j.t.JMeterThread: Thread started: Load main page and select random product 1-35
2018-05-01 15:30:20,000 INFO o.a.j.t.JMeterThread: Thread started: Load main page and select random product 1-36
2018-05-01 15:30:20,010 INFO o.a.j.t.JMeterThread: Thread started: Load main page and select random product 1-37
2018-05-01 15:30:20,022 INFO o.a.j.t.JMeterThread: Thread started: Load main page and select random product 1-38
2018-05-01 15:30:20,029 INFO o.a.j.t.JMeterThread: Thread started: Load main page and select random product 1-39
2018-05-01 15:30:20,040 INFO o.a.j.t.JMeterThread: Thread started: Load main page and select random product 1-40
2018-05-01 15:30:20,051 INFO o.a.j.t.JMeterThread: Thread started: Load main page and select random product 1-41
2018-05-01 15:30:20,062 INFO o.a.j.t.JMeterThread: Thread started: Load main page and select random product 1-42
2018-05-01 15:30:20,070 INFO o.a.j.t.JMeterThread: Thread started: Load main page and select random product 1-43
2018-05-01 15:30:20,075 INFO o.a.j.t.JMeterThread: Thread started: Search 2-3
2018-05-01 15:30:20,076 INFO o.a.j.t.JMeterThread: Thread is done: Search 2-3
2018-05-01 15:30:20,076 INFO o.a.j.t.JMeterThread: Thread finished: Search 2-3
2018-05-01 15:30:20,081 INFO o.a.j.t.JMeterThread: Thread started: Load main page and select random product 1-44
2018-05-01 15:30:20,092 INFO o.a.j.t.JMeterThread: Thread started: Load main page and select random product 1-45
2018-05-01 15:30:20,105 INFO o.a.j.t.JMeterThread: Thread started: Load main page and select random product 1-46
2018-05-01 15:30:20,112 INFO o.a.j.t.JMeterThread: Thread started: Load main page and select random product 1-47
2018-05-01 15:30:20,126 INFO o.a.j.t.JMeterThread: Thread started: Load main page and select random product 1-48
2018-05-01 15:30:20,132 INFO o.a.j.t.JMeterThread: Thread started: Load main page and select random product 1-49
2018-05-01 15:30:20,143 INFO o.a.j.t.JMeterThread: Thread started: Load main page and select random product 1-50
2018-05-01 15:30:20,153 INFO o.a.j.t.JMeterThread: Thread started: Load main page and select random product 1-51
2018-05-01 15:30:20,166 INFO o.a.j.t.JMeterThread: Thread started: Load main page and select random product 1-52
2018-05-01 15:30:20,177 INFO o.a.j.t.JMeterThread: Thread started: Load main page and select random product 1-53
2018-05-01 15:30:20,187 INFO o.a.j.t.JMeterThread: Thread started: Load main page and select random product 1-54
2018-05-01 15:30:20,194 INFO o.a.j.t.JMeterThread: Thread started: Load main page and select random product 1-55
2018-05-01 15:30:20,204 INFO o.a.j.t.JMeterThread: Thread started: Load main page and select random product 1-56
2018-05-01 15:30:20,215 INFO o.a.j.t.JMeterThread: Thread started: Load main page and select random product 1-57
2018-05-01 15:30:20,225 INFO o.a.j.t.JMeterThread: Thread started: Load main page and select random product 1-58
2018-05-01 15:30:20,235 INFO o.a.j.t.JMeterThread: Thread started: Load main page and select random product 1-59
2018-05-01 15:30:20,247 INFO o.a.j.t.JMeterThread: Thread started: Load main page and select random product 1-60
2018-05-01 15:30:20,259 INFO o.a.j.t.JMeterThread: Thread started: Load main page and select random product 1-61
2018-05-01 15:30:20,270 INFO o.a.j.t.JMeterThread: Thread started: Load main page and select random product 1-62
2018-05-01 15:30:20,277 INFO o.a.j.t.JMeterThread: Thread started: Search 2-4
2018-05-01 15:30:20,278 INFO o.a.j.t.JMeterThread: Thread is done: Search 2-4
2018-05-01 15:30:20,278 INFO o.a.j.t.JMeterThread: Thread finished: Search 2-4
2018-05-01 15:30:20,280 INFO o.a.j.t.JMeterThread: Thread started: Load main page and select random product 1-63
2018-05-01 15:30:20,287 INFO o.a.j.t.JMeterThread: Thread started: Load main page and select random product 1-64
2018-05-01 15:30:20,301 INFO o.a.j.t.JMeterThread: Thread started: Load main page and select random product 1-65
2018-05-01 15:30:20,310 INFO o.a.j.t.JMeterThread: Thread started: Load main page and select random product 1-66
2018-05-01 15:30:20,317 INFO o.a.j.t.JMeterThread: Thread started: Load main page and select random product 1-67
2018-05-01 15:30:20,330 INFO o.a.j.t.JMeterThread: Thread started: Load main page and select random product 1-68
2018-05-01 15:30:20,343 INFO o.a.j.t.JMeterThread: Thread started: Load main page and select random product 1-69
2018-05-01 15:30:20,353 INFO o.a.j.t.JMeterThread: Thread started: Load main page and select random product 1-70
2018-05-01 15:30:20,361 INFO o.a.j.t.JMeterThread: Thread started: Load main page and select random product 1-71
2018-05-01 15:30:20,374 INFO o.a.j.t.JMeterThread: Thread started: Load main page and select random product 1-72
2018-05-01 15:30:20,382 INFO o.a.j.t.JMeterThread: Thread started: Load main page and select random product 1-73
2018-05-01 15:30:20,395 INFO o.a.j.t.JMeterThread: Thread started: Load main page and select random product 1-74
2018-05-01 15:30:20,405 INFO o.a.j.t.JMeterThread: Thread started: Load main page and select random product 1-75
2018-05-01 15:30:20,414 INFO o.a.j.t.JMeterThread: Thread started: Load main page and select random product 1-76
2018-05-01 15:30:20,426 INFO o.a.j.t.JMeterThread: Thread started: Load main page and select random product 1-77
2018-05-01 15:30:20,436 INFO o.a.j.t.JMeterThread: Thread started: Load main page and select random product 1-78
2018-05-01 15:30:20,450 INFO o.a.j.t.JMeterThread: Thread started: Load main page and select random product 1-79
2018-05-01 15:30:20,459 INFO o.a.j.t.JMeterThread: Thread started: Load main page and select random product 1-80
2018-05-01 15:30:20,468 INFO o.a.j.t.JMeterThread: Thread started: Load main page and select random product 1-81
2018-05-01 15:30:20,476 INFO o.a.j.t.JMeterThread: Thread started: Search 2-5
2018-05-01 15:30:20,477 INFO o.a.j.t.JMeterThread: Thread is done: Search 2-5
2018-05-01 15:30:20,477 INFO o.a.j.t.JMeterThread: Thread finished: Search 2-5
2018-05-01 15:30:20,479 INFO o.a.j.t.JMeterThread: Thread started: Load main page and select random product 1-82
2018-05-01 15:30:20,487 INFO o.a.j.t.JMeterThread: Thread started: Load main page and select random product 1-83
2018-05-01 15:30:20,497 INFO o.a.j.t.JMeterThread: Thread started: Load main page and select random product 1-84
2018-05-01 15:30:20,511 INFO o.a.j.t.JMeterThread: Thread started: Load main page and select random product 1-85
2018-05-01 15:30:20,521 INFO o.a.j.t.JMeterThread: Thread started: Load main page and select random product 1-86
2018-05-01 15:30:20,529 INFO o.a.j.t.JMeterThread: Thread started: Load main page and select random product 1-87
2018-05-01 15:30:20,542 INFO o.a.j.t.JMeterThread: Thread started: Load main page and select random product 1-88
2018-05-01 15:30:20,550 INFO o.a.j.t.JMeterThread: Thread started: Load main page and select random product 1-89
2018-05-01 15:30:20,560 INFO o.a.j.t.JMeterThread: Thread started: Load main page and select random product 1-90
2018-05-01 15:30:20,571 INFO o.a.j.t.JMeterThread: Thread started: Load main page and select random product 1-91
2018-05-01 15:30:20,584 INFO o.a.j.t.JMeterThread: Thread started: Load main page and select random product 1-92
2018-05-01 15:30:20,592 INFO o.a.j.t.JMeterThread: Thread started: Load main page and select random product 1-93
2018-05-01 15:30:20,603 INFO o.a.j.t.JMeterThread: Thread started: Load main page and select random product 1-94
2018-05-01 15:30:20,615 INFO o.a.j.t.JMeterThread: Thread started: Load main page and select random product 1-95
2018-05-01 15:30:20,622 INFO o.a.j.t.JMeterThread: Thread started: Load main page and select random product 1-96
2018-05-01 15:30:20,635 INFO o.a.j.t.JMeterThread: Thread started: Load main page and select random product 1-97
2018-05-01 15:30:20,645 INFO o.a.j.t.JMeterThread: Thread started: Load main page and select random product 1-98
2018-05-01 15:30:20,655 INFO o.a.j.t.JMeterThread: Thread started: Load main page and select random product 1-99
2018-05-01 15:30:20,664 INFO o.a.j.t.JMeterThread: Thread started: Load main page and select random product 1-100
2018-05-01 15:30:20,679 INFO o.a.j.t.JMeterThread: Thread started: Search 2-6
2018-05-01 15:30:20,680 INFO o.a.j.t.JMeterThread: Thread is done: Search 2-6
2018-05-01 15:30:20,680 INFO o.a.j.t.JMeterThread: Thread finished: Search 2-6
2018-05-01 15:30:20,875 INFO o.a.j.t.JMeterThread: Thread started: Search 2-7
2018-05-01 15:30:20,875 INFO o.a.j.t.JMeterThread: Thread is done: Search 2-7
2018-05-01 15:30:20,875 INFO o.a.j.t.JMeterThread: Thread finished: Search 2-7
2018-05-01 15:30:21,075 INFO o.a.j.t.JMeterThread: Thread started: Search 2-8
2018-05-01 15:30:21,076 INFO o.a.j.t.JMeterThread: Thread is done: Search 2-8
2018-05-01 15:30:21,076 INFO o.a.j.t.JMeterThread: Thread finished: Search 2-8
2018-05-01 15:30:21,281 INFO o.a.j.t.JMeterThread: Thread started: Search 2-9
2018-05-01 15:30:21,282 INFO o.a.j.t.JMeterThread: Thread is done: Search 2-9
2018-05-01 15:30:21,283 INFO o.a.j.t.JMeterThread: Thread finished: Search 2-9
2018-05-01 15:30:21,476 INFO o.a.j.t.JMeterThread: Thread started: Search 2-10
2018-05-01 15:30:21,477 INFO o.a.j.t.JMeterThread: Thread is done: Search 2-10
2018-05-01 15:30:21,477 INFO o.a.j.t.JMeterThread: Thread finished: Search 2-10
2018-05-01 15:34:16,329 INFO o.a.j.t.JMeterThread: Thread is done: Load main page and select random product 1-73
2018-05-01 15:34:16,331 INFO o.a.j.t.JMeterThread: Thread finished: Load main page and select random product 1-73
2018-05-01 15:34:19,369 INFO o.a.j.t.JMeterThread: Thread is done: Load main page and select random product 1-54
2018-05-01 15:34:19,369 INFO o.a.j.t.JMeterThread: Thread finished: Load main page and select random product 1-54
2018-05-01 15:34:22,939 INFO o.a.j.t.JMeterThread: Thread is done: Load main page and select random product 1-88
2018-05-01 15:34:22,939 INFO o.a.j.t.JMeterThread: Thread finished: Load main page and select random product 1-88
2018-05-01 15:34:22,998 INFO o.a.j.t.JMeterThread: Thread is done: Load main page and select random product 1-41
2018-05-01 15:34:22,998 INFO o.a.j.t.JMeterThread: Thread finished: Load main page and select random product 1-41
2018-05-01 15:34:26,649 INFO o.a.j.t.JMeterThread: Thread is done: Load main page and select random product 1-98
2018-05-01 15:34:26,649 INFO o.a.j.t.JMeterThread: Thread finished: Load main page and select random product 1-98
2018-05-01 15:34:26,673 INFO o.a.j.t.JMeterThread: Thread is done: Load main page and select random product 1-79
2018-05-01 15:34:26,673 INFO o.a.j.t.JMeterThread: Thread finished: Load main page and select random product 1-79
2018-05-01 15:34:26,710 INFO o.a.j.t.JMeterThread: Thread is done: Load main page and select random product 1-53
2018-05-01 15:34:26,710 INFO o.a.j.t.JMeterThread: Thread finished: Load main page and select random product 1-53
2018-05-01 15:34:26,711 INFO o.a.j.t.JMeterThread: Thread is done: Load main page and select random product 1-19
2018-05-01 15:34:26,711 INFO o.a.j.t.JMeterThread: Thread finished: Load main page and select random product 1-19
2018-05-01 15:34:26,713 INFO o.a.j.t.JMeterThread: Thread is done: Load main page and select random product 1-45
2018-05-01 15:34:26,713 INFO o.a.j.t.JMeterThread: Thread finished: Load main page and select random product 1-45
2018-05-01 15:34:26,727 INFO o.a.j.t.JMeterThread: Thread is done: Load main page and select random product 1-61
2018-05-01 15:34:26,727 INFO o.a.j.t.JMeterThread: Thread finished: Load main page and select random product 1-61
2018-05-01 15:34:26,742 INFO o.a.j.t.JMeterThread: Thread is done: Load main page and select random product 1-69
2018-05-01 15:34:26,742 INFO o.a.j.t.JMeterThread: Thread finished: Load main page and select random product 1-69
2018-05-01 15:34:26,894 INFO o.a.j.t.JMeterThread: Thread is done: Load main page and select random product 1-14
2018-05-01 15:34:26,894 INFO o.a.j.t.JMeterThread: Thread finished: Load main page and select random product 1-14
2018-05-01 15:34:26,939 INFO o.a.j.t.JMeterThread: Thread is done: Load main page and select random product 1-33
2018-05-01 15:34:26,939 INFO o.a.j.t.JMeterThread: Thread finished: Load main page and select random product 1-33
2018-05-01 15:34:27,756 INFO o.a.j.t.JMeterThread: Thread is done: Load main page and select random product 1-83
2018-05-01 15:34:27,756 INFO o.a.j.t.JMeterThread: Thread finished: Load main page and select random product 1-83
2018-05-01 15:34:27,904 INFO o.a.j.t.JMeterThread: Thread is done: Load main page and select random product 1-74
2018-05-01 15:34:27,904 INFO o.a.j.t.JMeterThread: Thread finished: Load main page and select random product 1-74
2018-05-01 15:34:28,253 INFO o.a.j.t.JMeterThread: Thread is done: Load main page and select random product 1-3
2018-05-01 15:34:28,253 INFO o.a.j.t.JMeterThread: Thread finished: Load main page and select random product 1-3
2018-05-01 15:34:28,268 INFO o.a.j.t.JMeterThread: Thread is done: Load main page and select random product 1-71
2018-05-01 15:34:28,268 INFO o.a.j.t.JMeterThread: Thread finished: Load main page and select random product 1-71
2018-05-01 15:34:28,430 INFO o.a.j.t.JMeterThread: Thread is done: Load main page and select random product 1-29
2018-05-01 15:34:28,431 INFO o.a.j.t.JMeterThread: Thread finished: Load main page and select random product 1-29
2018-05-01 15:34:28,562 INFO o.a.j.t.JMeterThread: Thread is done: Load main page and select random product 1-91
2018-05-01 15:34:28,562 INFO o.a.j.t.JMeterThread: Thread finished: Load main page and select random product 1-91
2018-05-01 15:34:29,339 INFO o.a.j.t.JMeterThread: Thread is done: Load main page and select random product 1-76
2018-05-01 15:34:29,339 INFO o.a.j.t.JMeterThread: Thread finished: Load main page and select random product 1-76
2018-05-01 15:34:29,588 INFO o.a.j.t.JMeterThread: Thread is done: Load main page and select random product 1-6
2018-05-01 15:34:29,588 INFO o.a.j.t.JMeterThread: Thread finished: Load main page and select random product 1-6
2018-05-01 15:34:30,005 INFO o.a.j.t.JMeterThread: Thread is done: Load main page and select random product 1-21
2018-05-01 15:34:30,005 INFO o.a.j.t.JMeterThread: Thread finished: Load main page and select random product 1-21
2018-05-01 15:34:30,012 INFO o.a.j.t.JMeterThread: Thread is done: Load main page and select random product 1-12
2018-05-01 15:34:30,012 INFO o.a.j.t.JMeterThread: Thread finished: Load main page and select random product 1-12
2018-05-01 15:34:30,061 INFO o.a.j.t.JMeterThread: Thread is done: Load main page and select random product 1-64
2018-05-01 15:34:30,061 INFO o.a.j.t.JMeterThread: Thread finished: Load main page and select random product 1-64
2018-05-01 15:34:30,063 INFO o.a.j.t.JMeterThread: Thread is done: Load main page and select random product 1-84
2018-05-01 15:34:30,064 INFO o.a.j.t.JMeterThread: Thread finished: Load main page and select random product 1-84
2018-05-01 15:34:30,101 INFO o.a.j.t.JMeterThread: Thread is done: Load main page and select random product 1-81
2018-05-01 15:34:30,101 INFO o.a.j.t.JMeterThread: Thread finished: Load main page and select random product 1-81
2018-05-01 15:34:30,141 INFO o.a.j.t.JMeterThread: Thread is done: Load main page and select random product 1-25
2018-05-01 15:34:30,141 INFO o.a.j.t.JMeterThread: Thread finished: Load main page and select random product 1-25
2018-05-01 15:34:30,397 INFO o.a.j.t.JMeterThread: Thread is done: Load main page and select random product 1-57
2018-05-01 15:34:30,398 INFO o.a.j.t.JMeterThread: Thread finished: Load main page and select random product 1-57
2018-05-01 15:34:31,652 INFO o.a.j.t.JMeterThread: Thread is done: Load main page and select random product 1-4
2018-05-01 15:34:31,652 INFO o.a.j.t.JMeterThread: Thread finished: Load main page and select random product 1-4
2018-05-01 15:34:31,964 INFO o.a.j.t.JMeterThread: Thread is done: Load main page and select random product 1-70
2018-05-01 15:34:31,964 INFO o.a.j.t.JMeterThread: Thread finished: Load main page and select random product 1-70
2018-05-01 15:34:32,641 INFO o.a.j.t.JMeterThread: Thread is done: Load main page and select random product 1-93
2018-05-01 15:34:32,642 INFO o.a.j.t.JMeterThread: Thread finished: Load main page and select random product 1-93
2018-05-01 15:34:32,959 INFO o.a.j.t.JMeterThread: Thread is done: Load main page and select random product 1-80
2018-05-01 15:34:32,959 INFO o.a.j.t.JMeterThread: Thread finished: Load main page and select random product 1-80
2018-05-01 15:34:33,027 INFO o.a.j.t.JMeterThread: Thread is done: Load main page and select random product 1-16
2018-05-01 15:34:33,027 INFO o.a.j.t.JMeterThread: Thread finished: Load main page and select random product 1-16
2018-05-01 15:34:33,033 INFO o.a.j.t.JMeterThread: Thread is done: Load main page and select random product 1-97
2018-05-01 15:34:33,033 INFO o.a.j.t.JMeterThread: Thread is done: Load main page and select random product 1-63
2018-05-01 15:34:33,033 INFO o.a.j.t.JMeterThread: Thread finished: Load main page and select random product 1-97
2018-05-01 15:34:33,033 INFO o.a.j.t.JMeterThread: Thread finished: Load main page and select random product 1-63
2018-05-01 15:34:33,042 INFO o.a.j.t.JMeterThread: Thread is done: Load main page and select random product 1-89
2018-05-01 15:34:33,042 INFO o.a.j.t.JMeterThread: Thread finished: Load main page and select random product 1-89
2018-05-01 15:34:33,048 INFO o.a.j.t.JMeterThread: Thread is done: Load main page and select random product 1-94
2018-05-01 15:34:33,048 INFO o.a.j.t.JMeterThread: Thread is done: Load main page and select random product 1-13
2018-05-01 15:34:33,048 INFO o.a.j.t.JMeterThread: Thread finished: Load main page and select random product 1-94
2018-05-01 15:34:33,048 INFO o.a.j.t.JMeterThread: Thread finished: Load main page and select random product 1-13
2018-05-01 15:34:33,051 INFO o.a.j.t.JMeterThread: Thread is done: Load main page and select random product 1-86
2018-05-01 15:34:33,051 INFO o.a.j.t.JMeterThread: Thread finished: Load main page and select random product 1-86
2018-05-01 15:34:33,059 INFO o.a.j.t.JMeterThread: Thread is done: Load main page and select random product 1-40
2018-05-01 15:34:33,059 INFO o.a.j.t.JMeterThread: Thread finished: Load main page and select random product 1-40
2018-05-01 15:34:33,062 INFO o.a.j.t.JMeterThread: Thread is done: Load main page and select random product 1-66
2018-05-01 15:34:33,062 INFO o.a.j.t.JMeterThread: Thread finished: Load main page and select random product 1-66
2018-05-01 15:34:33,071 INFO o.a.j.t.JMeterThread: Thread is done: Load main page and select random product 1-8
2018-05-01 15:34:33,071 INFO o.a.j.t.JMeterThread: Thread finished: Load main page and select random product 1-8
2018-05-01 15:34:33,073 INFO o.a.j.t.JMeterThread: Thread is done: Load main page and select random product 1-18
2018-05-01 15:34:33,074 INFO o.a.j.t.JMeterThread: Thread finished: Load main page and select random product 1-18
2018-05-01 15:34:33,092 INFO o.a.j.t.JMeterThread: Thread is done: Load main page and select random product 1-23
2018-05-01 15:34:33,092 INFO o.a.j.t.JMeterThread: Thread finished: Load main page and select random product 1-23
2018-05-01 15:34:33,139 INFO o.a.j.t.JMeterThread: Thread is done: Load main page and select random product 1-44
2018-05-01 15:34:33,139 INFO o.a.j.t.JMeterThread: Thread finished: Load main page and select random product 1-44
2018-05-01 15:34:33,161 INFO o.a.j.t.JMeterThread: Thread is done: Load main page and select random product 1-100
2018-05-01 15:34:33,161 INFO o.a.j.t.JMeterThread: Thread finished: Load main page and select random product 1-100
2018-05-01 15:34:34,300 INFO o.a.j.t.JMeterThread: Thread is done: Load main page and select random product 1-75
2018-05-01 15:34:34,300 INFO o.a.j.t.JMeterThread: Thread finished: Load main page and select random product 1-75
2018-05-01 15:34:34,402 INFO o.a.j.t.JMeterThread: Thread is done: Load main page and select random product 1-67
2018-05-01 15:34:34,402 INFO o.a.j.t.JMeterThread: Thread finished: Load main page and select random product 1-67
2018-05-01 15:34:34,407 INFO o.a.j.t.JMeterThread: Thread is done: Load main page and select random product 1-96
2018-05-01 15:34:34,407 INFO o.a.j.t.JMeterThread: Thread finished: Load main page and select random product 1-96
2018-05-01 15:34:34,428 INFO o.a.j.t.JMeterThread: Thread is done: Load main page and select random product 1-95
2018-05-01 15:34:34,428 INFO o.a.j.t.JMeterThread: Thread finished: Load main page and select random product 1-95
2018-05-01 15:34:34,453 INFO o.a.j.t.JMeterThread: Thread is done: Load main page and select random product 1-47
2018-05-01 15:34:34,454 INFO o.a.j.t.JMeterThread: Thread finished: Load main page and select random product 1-47
2018-05-01 15:34:34,455 INFO o.a.j.t.JMeterThread: Thread is done: Load main page and select random product 1-46
2018-05-01 15:34:34,455 INFO o.a.j.t.JMeterThread: Thread finished: Load main page and select random product 1-46
2018-05-01 15:34:34,457 INFO o.a.j.t.JMeterThread: Thread is done: Load main page and select random product 1-30
2018-05-01 15:34:34,457 INFO o.a.j.t.JMeterThread: Thread finished: Load main page and select random product 1-30
2018-05-01 15:34:34,461 INFO o.a.j.t.JMeterThread: Thread is done: Load main page and select random product 1-48
2018-05-01 15:34:34,461 INFO o.a.j.t.JMeterThread: Thread finished: Load main page and select random product 1-48
2018-05-01 15:34:34,461 INFO o.a.j.t.JMeterThread: Thread is done: Load main page and select random product 1-31
2018-05-01 15:34:34,461 INFO o.a.j.t.JMeterThread: Thread finished: Load main page and select random product 1-31
2018-05-01 15:34:34,462 INFO o.a.j.t.JMeterThread: Thread is done: Load main page and select random product 1-39
2018-05-01 15:34:34,462 INFO o.a.j.t.JMeterThread: Thread finished: Load main page and select random product 1-39
2018-05-01 15:34:34,464 INFO o.a.j.t.JMeterThread: Thread is done: Load main page and select random product 1-78
2018-05-01 15:34:34,464 INFO o.a.j.t.JMeterThread: Thread finished: Load main page and select random product 1-78
2018-05-01 15:34:34,903 INFO o.a.j.t.JMeterThread: Thread is done: Load main page and select random product 1-52
2018-05-01 15:34:34,903 INFO o.a.j.t.JMeterThread: Thread finished: Load main page and select random product 1-52
2018-05-01 15:34:35,957 INFO o.a.j.t.JMeterThread: Thread is done: Load main page and select random product 1-51
2018-05-01 15:34:35,957 INFO o.a.j.t.JMeterThread: Thread finished: Load main page and select random product 1-51
2018-05-01 15:34:36,329 INFO o.a.j.t.JMeterThread: Thread is done: Load main page and select random product 1-17
2018-05-01 15:34:36,329 INFO o.a.j.t.JMeterThread: Thread finished: Load main page and select random product 1-17
2018-05-01 15:34:36,535 INFO o.a.j.t.JMeterThread: Thread is done: Load main page and select random product 1-90
2018-05-01 15:34:36,535 INFO o.a.j.t.JMeterThread: Thread finished: Load main page and select random product 1-90
2018-05-01 15:34:36,697 INFO o.a.j.t.JMeterThread: Thread is done: Load main page and select random product 1-85
2018-05-01 15:34:36,697 INFO o.a.j.t.JMeterThread: Thread finished: Load main page and select random product 1-85
2018-05-01 15:34:36,720 INFO o.a.j.t.JMeterThread: Thread is done: Load main page and select random product 1-56
2018-05-01 15:34:36,720 INFO o.a.j.t.JMeterThread: Thread finished: Load main page and select random product 1-56
2018-05-01 15:34:37,397 INFO o.a.j.t.JMeterThread: Thread is done: Load main page and select random product 1-50
2018-05-01 15:34:37,397 INFO o.a.j.t.JMeterThread: Thread finished: Load main page and select random product 1-50
2018-05-01 15:34:37,626 INFO o.a.j.t.JMeterThread: Thread is done: Load main page and select random product 1-59
2018-05-01 15:34:37,626 INFO o.a.j.t.JMeterThread: Thread finished: Load main page and select random product 1-59
2018-05-01 15:34:37,689 INFO o.a.j.t.JMeterThread: Thread is done: Load main page and select random product 1-62
2018-05-01 15:34:37,690 INFO o.a.j.t.JMeterThread: Thread finished: Load main page and select random product 1-62
2018-05-01 15:34:37,699 INFO o.a.j.t.JMeterThread: Thread is done: Load main page and select random product 1-11
2018-05-01 15:34:37,699 INFO o.a.j.t.JMeterThread: Thread finished: Load main page and select random product 1-11
2018-05-01 15:34:38,246 INFO o.a.j.t.JMeterThread: Thread is done: Load main page and select random product 1-32
2018-05-01 15:34:38,246 INFO o.a.j.t.JMeterThread: Thread finished: Load main page and select random product 1-32
2018-05-01 15:34:38,342 INFO o.a.j.t.JMeterThread: Thread is done: Load main page and select random product 1-1
2018-05-01 15:34:38,342 INFO o.a.j.t.JMeterThread: Thread finished: Load main page and select random product 1-1
2018-05-01 15:34:38,352 INFO o.a.j.t.JMeterThread: Thread is done: Load main page and select random product 1-42
2018-05-01 15:34:38,352 INFO o.a.j.t.JMeterThread: Thread finished: Load main page and select random product 1-42
2018-05-01 15:34:38,489 INFO o.a.j.t.JMeterThread: Thread is done: Load main page and select random product 1-58
2018-05-01 15:34:38,490 INFO o.a.j.t.JMeterThread: Thread finished: Load main page and select random product 1-58
2018-05-01 15:34:38,520 INFO o.a.j.t.JMeterThread: Thread is done: Load main page and select random product 1-5
2018-05-01 15:34:38,520 INFO o.a.j.t.JMeterThread: Thread finished: Load main page and select random product 1-5
2018-05-01 15:34:38,643 INFO o.a.j.t.JMeterThread: Thread is done: Load main page and select random product 1-99
2018-05-01 15:34:38,643 INFO o.a.j.t.JMeterThread: Thread finished: Load main page and select random product 1-99
2018-05-01 15:34:39,047 INFO o.a.j.t.JMeterThread: Thread is done: Load main page and select random product 1-7
2018-05-01 15:34:39,047 INFO o.a.j.t.JMeterThread: Thread finished: Load main page and select random product 1-7
2018-05-01 15:34:39,522 INFO o.a.j.t.JMeterThread: Thread is done: Load main page and select random product 1-87
2018-05-01 15:34:39,522 INFO o.a.j.t.JMeterThread: Thread finished: Load main page and select random product 1-87
2018-05-01 15:34:39,561 INFO o.a.j.t.JMeterThread: Thread is done: Load main page and select random product 1-28
2018-05-01 15:34:39,561 INFO o.a.j.t.JMeterThread: Thread finished: Load main page and select random product 1-28
2018-05-01 15:34:39,857 INFO o.a.j.t.JMeterThread: Thread is done: Load main page and select random product 1-20
2018-05-01 15:34:39,858 INFO o.a.j.t.JMeterThread: Thread finished: Load main page and select random product 1-20
2018-05-01 15:34:40,258 INFO o.a.j.t.JMeterThread: Thread is done: Load main page and select random product 1-82
2018-05-01 15:34:40,258 INFO o.a.j.t.JMeterThread: Thread finished: Load main page and select random product 1-82
2018-05-01 15:34:40,264 INFO o.a.j.t.JMeterThread: Thread is done: Load main page and select random product 1-77
2018-05-01 15:34:40,264 INFO o.a.j.t.JMeterThread: Thread finished: Load main page and select random product 1-77
2018-05-01 15:34:41,003 INFO o.a.j.t.JMeterThread: Thread is done: Load main page and select random product 1-26
2018-05-01 15:34:41,003 INFO o.a.j.t.JMeterThread: Thread finished: Load main page and select random product 1-26
2018-05-01 15:34:41,263 INFO o.a.j.t.JMeterThread: Thread is done: Load main page and select random product 1-2
2018-05-01 15:34:41,263 INFO o.a.j.t.JMeterThread: Thread finished: Load main page and select random product 1-2
2018-05-01 15:34:41,274 INFO o.a.j.t.JMeterThread: Thread is done: Load main page and select random product 1-22
2018-05-01 15:34:41,275 INFO o.a.j.t.JMeterThread: Thread finished: Load main page and select random product 1-22
2018-05-01 15:34:41,311 INFO o.a.j.t.JMeterThread: Thread is done: Load main page and select random product 1-92
2018-05-01 15:34:41,311 INFO o.a.j.t.JMeterThread: Thread finished: Load main page and select random product 1-92
2018-05-01 15:34:41,343 INFO o.a.j.t.JMeterThread: Thread is done: Load main page and select random product 1-36
2018-05-01 15:34:41,343 INFO o.a.j.t.JMeterThread: Thread finished: Load main page and select random product 1-36
2018-05-01 15:34:41,519 INFO o.a.j.t.JMeterThread: Thread is done: Load main page and select random product 1-10
2018-05-01 15:34:41,519 INFO o.a.j.t.JMeterThread: Thread finished: Load main page and select random product 1-10
2018-05-01 15:34:41,562 INFO o.a.j.t.JMeterThread: Thread is done: Load main page and select random product 1-9
2018-05-01 15:34:41,562 INFO o.a.j.t.JMeterThread: Thread finished: Load main page and select random product 1-9
2018-05-01 15:34:41,779 INFO o.a.j.t.JMeterThread: Thread is done: Load main page and select random product 1-15
2018-05-01 15:34:41,779 INFO o.a.j.t.JMeterThread: Thread finished: Load main page and select random product 1-15
2018-05-01 15:34:41,847 INFO o.a.j.t.JMeterThread: Thread is done: Load main page and select random product 1-55
2018-05-01 15:34:41,847 INFO o.a.j.t.JMeterThread: Thread finished: Load main page and select random product 1-55
2018-05-01 15:34:41,850 INFO o.a.j.t.JMeterThread: Thread is done: Load main page and select random product 1-38
2018-05-01 15:34:41,850 INFO o.a.j.t.JMeterThread: Thread finished: Load main page and select random product 1-38
2018-05-01 15:34:41,868 INFO o.a.j.t.JMeterThread: Thread is done: Load main page and select random product 1-43
2018-05-01 15:34:41,868 INFO o.a.j.t.JMeterThread: Thread finished: Load main page and select random product 1-43
2018-05-01 15:34:41,981 INFO o.a.j.t.JMeterThread: Thread is done: Load main page and select random product 1-27
2018-05-01 15:34:41,981 INFO o.a.j.t.JMeterThread: Thread finished: Load main page and select random product 1-27
2018-05-01 15:34:41,987 INFO o.a.j.t.JMeterThread: Thread is done: Load main page and select random product 1-68
2018-05-01 15:34:41,987 INFO o.a.j.t.JMeterThread: Thread finished: Load main page and select random product 1-68
2018-05-01 15:34:42,002 INFO o.a.j.t.JMeterThread: Thread is done: Load main page and select random product 1-49
2018-05-01 15:34:42,002 INFO o.a.j.t.JMeterThread: Thread finished: Load main page and select random product 1-49
2018-05-01 15:34:42,003 INFO o.a.j.t.JMeterThread: Thread is done: Load main page and select random product 1-72
2018-05-01 15:34:42,003 INFO o.a.j.t.JMeterThread: Thread finished: Load main page and select random product 1-72
2018-05-01 15:34:42,609 INFO o.a.j.t.JMeterThread: Thread is done: Load main page and select random product 1-24
2018-05-01 15:34:42,609 INFO o.a.j.t.JMeterThread: Thread finished: Load main page and select random product 1-24
2018-05-01 15:34:42,617 INFO o.a.j.t.JMeterThread: Thread is done: Load main page and select random product 1-34
2018-05-01 15:34:42,617 INFO o.a.j.t.JMeterThread: Thread finished: Load main page and select random product 1-34
2018-05-01 15:34:42,897 INFO o.a.j.t.JMeterThread: Thread is done: Load main page and select random product 1-65
2018-05-01 15:34:42,897 INFO o.a.j.t.JMeterThread: Thread finished: Load main page and select random product 1-65
2018-05-01 15:34:42,991 INFO o.a.j.t.JMeterThread: Thread is done: Load main page and select random product 1-35
2018-05-01 15:34:42,991 INFO o.a.j.t.JMeterThread: Thread finished: Load main page and select random product 1-35
2018-05-01 15:34:43,008 INFO o.a.j.t.JMeterThread: Thread is done: Load main page and select random product 1-37
2018-05-01 15:34:43,008 INFO o.a.j.t.JMeterThread: Thread finished: Load main page and select random product 1-37
2018-05-01 15:34:43,627 INFO o.a.j.t.JMeterThread: Thread is done: Load main page and select random product 1-60
2018-05-01 15:34:43,627 INFO o.a.j.t.JMeterThread: Thread finished: Load main page and select random product 1-60
2018-05-01 15:34:43,628 INFO o.a.j.e.StandardJMeterEngine: Notifying test listeners of end of test
2018-05-01 15:34:43,628 INFO o.a.j.g.u.JMeterMenuBar: setRunning(false, *local*)
2018-05-02 14:21:31,779 INFO o.a.j.e.StandardJMeterEngine: Running the test!
2018-05-02 14:21:31,782 INFO o.a.j.s.SampleEvent: List of sample_variables: []
2018-05-02 14:21:31,785 INFO o.a.j.g.u.JMeterMenuBar: setRunning(true, *local*)
2018-05-02 14:21:32,822 INFO o.a.j.e.StandardJMeterEngine: Starting ThreadGroup: 1 : Load main page and select random product
2018-05-02 14:21:32,822 INFO o.a.j.e.StandardJMeterEngine: Starting 10 threads for group Load main page and select random product.
2018-05-02 14:21:32,822 INFO o.a.j.e.StandardJMeterEngine: Thread will continue on error
2018-05-02 14:21:32,822 INFO o.a.j.t.ThreadGroup: Starting thread group... number=1 threads=10 ramp-up=1 perThread=100.0 delayedStart=false
2018-05-02 14:21:32,824 INFO o.a.j.t.JMeterThread: Thread started: Load main page and select random product 1-1
2018-05-02 14:21:32,826 INFO o.a.j.t.ThreadGroup: Started thread group number 1
2018-05-02 14:21:32,826 INFO o.a.j.e.StandardJMeterEngine: Starting ThreadGroup: 2 : Search
2018-05-02 14:21:32,826 INFO o.a.j.e.StandardJMeterEngine: Starting 10 threads for group Search.
2018-05-02 14:21:32,826 INFO o.a.j.e.StandardJMeterEngine: Thread will continue on error
2018-05-02 14:21:32,826 INFO o.a.j.t.ThreadGroup: Starting thread group... number=2 threads=10 ramp-up=2 perThread=200.0 delayedStart=false
2018-05-02 14:21:32,826 INFO o.a.j.t.JMeterThread: Thread started: Search 2-1
2018-05-02 14:21:32,827 INFO o.a.j.t.JMeterThread: Thread is done: Search 2-1
2018-05-02 14:21:32,827 INFO o.a.j.t.JMeterThread: Thread finished: Search 2-1
2018-05-02 14:21:32,830 INFO o.a.j.t.ThreadGroup: Started thread group number 2
2018-05-02 14:21:32,830 INFO o.a.j.e.StandardJMeterEngine: All thread groups have been started
2018-05-02 14:21:32,924 INFO o.a.j.t.JMeterThread: Thread started: Load main page and select random product 1-2
2018-05-02 14:21:33,029 INFO o.a.j.t.JMeterThread: Thread started: Load main page and select random product 1-3
2018-05-02 14:21:33,030 INFO o.a.j.t.JMeterThread: Thread started: Search 2-2
2018-05-02 14:21:33,030 INFO o.a.j.t.JMeterThread: Thread is done: Search 2-2
2018-05-02 14:21:33,030 INFO o.a.j.t.JMeterThread: Thread finished: Search 2-2
2018-05-02 14:21:33,128 INFO o.a.j.t.JMeterThread: Thread started: Load main page and select random product 1-4
2018-05-02 14:21:33,229 INFO o.a.j.t.JMeterThread: Thread started: Load main page and select random product 1-5
2018-05-02 14:21:33,232 INFO o.a.j.t.JMeterThread: Thread started: Search 2-3
2018-05-02 14:21:33,233 INFO o.a.j.t.JMeterThread: Thread is done: Search 2-3
2018-05-02 14:21:33,233 INFO o.a.j.t.JMeterThread: Thread finished: Search 2-3
2018-05-02 14:21:33,329 INFO o.a.j.t.JMeterThread: Thread started: Load main page and select random product 1-6
2018-05-02 14:21:33,428 INFO o.a.j.t.JMeterThread: Thread started: Search 2-4
2018-05-02 14:21:33,428 INFO o.a.j.t.JMeterThread: Thread started: Load main page and select random product 1-7
2018-05-02 14:21:33,428 INFO o.a.j.t.JMeterThread: Thread is done: Search 2-4
2018-05-02 14:21:33,429 INFO o.a.j.t.JMeterThread: Thread finished: Search 2-4
2018-05-02 14:21:33,526 INFO o.a.j.t.JMeterThread: Thread started: Load main page and select random product 1-8
2018-05-02 14:21:33,630 INFO o.a.j.t.JMeterThread: Thread started: Load main page and select random product 1-9
2018-05-02 14:21:33,630 INFO o.a.j.t.JMeterThread: Thread started: Search 2-5
2018-05-02 14:21:33,631 INFO o.a.j.t.JMeterThread: Thread is done: Search 2-5
2018-05-02 14:21:33,631 INFO o.a.j.t.JMeterThread: Thread finished: Search 2-5
2018-05-02 14:21:33,730 INFO o.a.j.t.JMeterThread: Thread started: Load main page and select random product 1-10
2018-05-02 14:21:33,833 INFO o.a.j.t.JMeterThread: Thread started: Search 2-6
2018-05-02 14:21:33,833 INFO o.a.j.t.JMeterThread: Thread is done: Search 2-6
2018-05-02 14:21:33,833 INFO o.a.j.t.JMeterThread: Thread finished: Search 2-6
2018-05-02 14:21:34,029 INFO o.a.j.t.JMeterThread: Thread started: Search 2-7
2018-05-02 14:21:34,030 INFO o.a.j.t.JMeterThread: Thread is done: Search 2-7
2018-05-02 14:21:34,030 INFO o.a.j.t.JMeterThread: Thread finished: Search 2-7
2018-05-02 14:21:34,233 INFO o.a.j.t.JMeterThread: Thread started: Search 2-8
2018-05-02 14:21:34,233 INFO o.a.j.t.JMeterThread: Thread is done: Search 2-8
2018-05-02 14:21:34,233 INFO o.a.j.t.JMeterThread: Thread finished: Search 2-8
2018-05-02 14:21:34,433 INFO o.a.j.t.JMeterThread: Thread started: Search 2-9
2018-05-02 14:21:34,434 INFO o.a.j.t.JMeterThread: Thread is done: Search 2-9
2018-05-02 14:21:34,434 INFO o.a.j.t.JMeterThread: Thread finished: Search 2-9
2018-05-02 14:21:34,631 INFO o.a.j.t.JMeterThread: Thread started: Search 2-10
2018-05-02 14:21:34,631 INFO o.a.j.t.JMeterThread: Thread is done: Search 2-10
2018-05-02 14:21:34,631 INFO o.a.j.t.JMeterThread: Thread finished: Search 2-10
2018-05-02 14:22:36,021 INFO o.a.j.t.JMeterThread: Thread is done: Load main page and select random product 1-1
2018-05-02 14:22:36,022 INFO o.a.j.t.JMeterThread: Thread finished: Load main page and select random product 1-1
2018-05-02 14:22:37,012 INFO o.a.j.t.JMeterThread: Thread is done: Load main page and select random product 1-5
2018-05-02 14:22:37,012 INFO o.a.j.t.JMeterThread: Thread finished: Load main page and select random product 1-5
2018-05-02 14:22:37,083 INFO o.a.j.t.JMeterThread: Thread is done: Load main page and select random product 1-2
2018-05-02 14:22:37,083 INFO o.a.j.t.JMeterThread: Thread finished: Load main page and select random product 1-2
2018-05-02 14:22:37,860 INFO o.a.j.t.JMeterThread: Thread is done: Load main page and select random product 1-3
2018-05-02 14:22:37,860 INFO o.a.j.t.JMeterThread: Thread finished: Load main page and select random product 1-3
2018-05-02 14:22:38,828 INFO o.a.j.t.JMeterThread: Thread is done: Load main page and select random product 1-9
2018-05-02 14:22:38,828 INFO o.a.j.t.JMeterThread: Thread finished: Load main page and select random product 1-9
2018-05-02 14:22:39,455 INFO o.a.j.t.JMeterThread: Thread is done: Load main page and select random product 1-7
2018-05-02 14:22:39,455 INFO o.a.j.t.JMeterThread: Thread finished: Load main page and select random product 1-7
2018-05-02 14:22:39,565 INFO o.a.j.t.JMeterThread: Thread is done: Load main page and select random product 1-6
2018-05-02 14:22:39,565 INFO o.a.j.t.JMeterThread: Thread finished: Load main page and select random product 1-6
2018-05-02 14:22:39,896 INFO o.a.j.t.JMeterThread: Thread is done: Load main page and select random product 1-4
2018-05-02 14:22:39,896 INFO o.a.j.t.JMeterThread: Thread finished: Load main page and select random product 1-4
2018-05-02 14:22:39,924 INFO o.a.j.t.JMeterThread: Thread is done: Load main page and select random product 1-8
2018-05-02 14:22:39,924 INFO o.a.j.t.JMeterThread: Thread finished: Load main page and select random product 1-8
2018-05-02 14:22:40,034 INFO o.a.j.t.JMeterThread: Thread is done: Load main page and select random product 1-10
2018-05-02 14:22:40,034 INFO o.a.j.t.JMeterThread: Thread finished: Load main page and select random product 1-10
2018-05-02 14:22:40,034 INFO o.a.j.e.StandardJMeterEngine: Notifying test listeners of end of test
2018-05-02 14:22:40,034 INFO o.a.j.g.u.JMeterMenuBar: setRunning(false, *local*)
2018-05-02 17:01:36,693 INFO o.a.j.e.StandardJMeterEngine: Running the test!
2018-05-02 17:01:36,694 INFO o.a.j.s.SampleEvent: List of sample_variables: []
2018-05-02 17:01:36,696 INFO o.a.j.g.u.JMeterMenuBar: setRunning(true, *local*)
2018-05-02 17:01:37,439 INFO o.a.j.e.StandardJMeterEngine: Starting ThreadGroup: 1 : Load main page and select random product
2018-05-02 17:01:37,441 INFO o.a.j.e.StandardJMeterEngine: Starting 10 threads for group Load main page and select random product.
2018-05-02 17:01:37,441 INFO o.a.j.e.StandardJMeterEngine: Thread will continue on error
2018-05-02 17:01:37,441 INFO o.a.j.t.ThreadGroup: Starting thread group... number=1 threads=10 ramp-up=1 perThread=100.0 delayedStart=false
2018-05-02 17:01:37,441 INFO o.a.j.t.JMeterThread: Thread started: Load main page and select random product 1-1
2018-05-02 17:01:37,443 INFO o.a.j.t.ThreadGroup: Started thread group number 1
2018-05-02 17:01:37,443 INFO o.a.j.e.StandardJMeterEngine: Starting ThreadGroup: 2 : Search
2018-05-02 17:01:37,443 INFO o.a.j.e.StandardJMeterEngine: Starting 10 threads for group Search.
2018-05-02 17:01:37,443 INFO o.a.j.e.StandardJMeterEngine: Thread will continue on error
2018-05-02 17:01:37,444 INFO o.a.j.t.ThreadGroup: Starting thread group... number=2 threads=10 ramp-up=2 perThread=200.0 delayedStart=false
2018-05-02 17:01:37,444 INFO o.a.j.t.JMeterThread: Thread started: Search 2-1
2018-05-02 17:01:37,444 INFO o.a.j.t.JMeterThread: Thread is done: Search 2-1
2018-05-02 17:01:37,444 INFO o.a.j.t.JMeterThread: Thread finished: Search 2-1
2018-05-02 17:01:37,446 INFO o.a.j.t.ThreadGroup: Started thread group number 2
2018-05-02 17:01:37,446 INFO o.a.j.e.StandardJMeterEngine: All thread groups have been started
2018-05-02 17:01:37,547 INFO o.a.j.t.JMeterThread: Thread started: Load main page and select random product 1-2
2018-05-02 17:01:37,645 INFO o.a.j.t.JMeterThread: Thread started: Search 2-2
2018-05-02 17:01:37,645 INFO o.a.j.t.JMeterThread: Thread started: Load main page and select random product 1-3
2018-05-02 17:01:37,645 INFO o.a.j.t.JMeterThread: Thread is done: Search 2-2
2018-05-02 17:01:37,645 INFO o.a.j.t.JMeterThread: Thread finished: Search 2-2
2018-05-02 17:01:37,745 INFO o.a.j.t.JMeterThread: Thread started: Load main page and select random product 1-4
2018-05-02 17:01:37,846 INFO o.a.j.t.JMeterThread: Thread started: Load main page and select random product 1-5
2018-05-02 17:01:37,848 INFO o.a.j.t.JMeterThread: Thread started: Search 2-3
2018-05-02 17:01:37,848 INFO o.a.j.t.JMeterThread: Thread is done: Search 2-3
2018-05-02 17:01:37,848 INFO o.a.j.t.JMeterThread: Thread finished: Search 2-3
2018-05-02 17:01:37,947 INFO o.a.j.t.JMeterThread: Thread started: Load main page and select random product 1-6
2018-05-02 17:01:38,046 INFO o.a.j.t.JMeterThread: Thread started: Search 2-4
2018-05-02 17:01:38,046 INFO o.a.j.t.JMeterThread: Thread started: Load main page and select random product 1-7
2018-05-02 17:01:38,046 INFO o.a.j.t.JMeterThread: Thread is done: Search 2-4
2018-05-02 17:01:38,046 INFO o.a.j.t.JMeterThread: Thread finished: Search 2-4
2018-05-02 17:01:38,146 INFO o.a.j.t.JMeterThread: Thread started: Load main page and select random product 1-8
2018-05-02 17:01:38,248 INFO o.a.j.t.JMeterThread: Thread started: Load main page and select random product 1-9
2018-05-02 17:01:38,248 INFO o.a.j.t.JMeterThread: Thread started: Search 2-5
2018-05-02 17:01:38,248 INFO o.a.j.t.JMeterThread: Thread is done: Search 2-5
2018-05-02 17:01:38,248 INFO o.a.j.t.JMeterThread: Thread finished: Search 2-5
2018-05-02 17:01:38,345 INFO o.a.j.t.JMeterThread: Thread started: Load main page and select random product 1-10
2018-05-02 17:01:38,449 INFO o.a.j.t.JMeterThread: Thread started: Search 2-6
2018-05-02 17:01:38,449 INFO o.a.j.t.JMeterThread: Thread is done: Search 2-6
2018-05-02 17:01:38,449 INFO o.a.j.t.JMeterThread: Thread finished: Search 2-6
2018-05-02 17:01:38,647 INFO o.a.j.t.JMeterThread: Thread started: Search 2-7
2018-05-02 17:01:38,647 INFO o.a.j.t.JMeterThread: Thread is done: Search 2-7
2018-05-02 17:01:38,647 INFO o.a.j.t.JMeterThread: Thread finished: Search 2-7
2018-05-02 17:01:38,848 INFO o.a.j.t.JMeterThread: Thread started: Search 2-8
2018-05-02 17:01:38,848 INFO o.a.j.t.JMeterThread: Thread is done: Search 2-8
2018-05-02 17:01:38,848 INFO o.a.j.t.JMeterThread: Thread finished: Search 2-8
2018-05-02 17:01:39,046 INFO o.a.j.t.JMeterThread: Thread started: Search 2-9
2018-05-02 17:01:39,047 INFO o.a.j.t.JMeterThread: Thread is done: Search 2-9
2018-05-02 17:01:39,047 INFO o.a.j.t.JMeterThread: Thread finished: Search 2-9
2018-05-02 17:01:39,247 INFO o.a.j.t.JMeterThread: Thread started: Search 2-10
2018-05-02 17:01:39,248 INFO o.a.j.t.JMeterThread: Thread is done: Search 2-10
2018-05-02 17:01:39,248 INFO o.a.j.t.JMeterThread: Thread finished: Search 2-10
2018-05-02 17:01:43,440 INFO o.a.j.g.a.Start: Stopping test
2018-05-02 17:01:43,463 INFO o.a.j.t.JMeterThread: Stopping: Load main page and select random product 1-7
2018-05-02 17:01:43,463 WARN o.a.j.t.JMeterThread: Interrupting: Load main page and select random product 1-7 sampler: HTTP Request
2018-05-02 17:01:43,464 INFO o.a.j.t.JMeterThread: Stopping: Load main page and select random product 1-10
2018-05-02 17:01:43,464 WARN o.a.j.t.JMeterThread: Interrupting: Load main page and select random product 1-10 sampler: HTTP Request
2018-05-02 17:01:43,464 INFO o.a.j.t.JMeterThread: Stopping: Load main page and select random product 1-3
2018-05-02 17:01:43,465 WARN o.a.j.t.JMeterThread: Interrupting: Load main page and select random product 1-3 sampler: HTTP Request
2018-05-02 17:01:43,465 INFO o.a.j.t.JMeterThread: Stopping: Load main page and select random product 1-2
2018-05-02 17:01:43,465 WARN o.a.j.t.JMeterThread: Interrupting: Load main page and select random product 1-2 sampler: HTTP Request
2018-05-02 17:01:43,465 INFO o.a.j.t.JMeterThread: Stopping: Load main page and select random product 1-9
2018-05-02 17:01:43,465 WARN o.a.j.t.JMeterThread: Interrupting: Load main page and select random product 1-9 sampler: HTTP Request
2018-05-02 17:01:43,466 INFO o.a.j.t.JMeterThread: Stopping: Load main page and select random product 1-4
2018-05-02 17:01:43,466 WARN o.a.j.t.JMeterThread: Interrupting: Load main page and select random product 1-4 sampler: HTTP Request
2018-05-02 17:01:43,466 INFO o.a.j.t.JMeterThread: Stopping: Load main page and select random product 1-8
2018-05-02 17:01:43,466 WARN o.a.j.t.JMeterThread: Interrupting: Load main page and select random product 1-8 sampler: HTTP Request
2018-05-02 17:01:43,467 INFO o.a.j.t.JMeterThread: Stopping: Load main page and select random product 1-1
2018-05-02 17:01:43,467 WARN o.a.j.t.JMeterThread: Interrupting: Load main page and select random product 1-1 sampler: HTTP Request
2018-05-02 17:01:43,467 INFO o.a.j.t.JMeterThread: Thread finished: Load main page and select random product 1-7
2018-05-02 17:01:43,467 INFO o.a.j.t.JMeterThread: Thread finished: Load main page and select random product 1-3
2018-05-02 17:01:43,467 INFO o.a.j.t.JMeterThread: Thread finished: Load main page and select random product 1-2
2018-05-02 17:01:43,468 INFO o.a.j.t.JMeterThread: Stopping: Load main page and select random product 1-5
2018-05-02 17:01:43,468 WARN o.a.j.t.JMeterThread: Interrupting: Load main page and select random product 1-5 sampler: HTTP Request
2018-05-02 17:01:43,467 INFO o.a.j.t.JMeterThread: Thread finished: Load main page and select random product 1-10
2018-05-02 17:01:43,468 INFO o.a.j.t.JMeterThread: Thread finished: Load main page and select random product 1-9
2018-05-02 17:01:43,468 INFO o.a.j.t.JMeterThread: Stopping: Load main page and select random product 1-6
2018-05-02 17:01:43,468 WARN o.a.j.t.JMeterThread: Interrupting: Load main page and select random product 1-6 sampler: HTTP Request
2018-05-02 17:01:43,468 INFO o.a.j.t.JMeterThread: Thread finished: Load main page and select random product 1-4
2018-05-02 17:01:43,469 INFO o.a.j.t.JMeterThread: Thread finished: Load main page and select random product 1-8
2018-05-02 17:01:43,469 INFO o.a.j.t.JMeterThread: Thread finished: Load main page and select random product 1-6
2018-05-02 17:01:43,469 INFO o.a.j.t.JMeterThread: Thread finished: Load main page and select random product 1-5
2018-05-02 17:01:43,469 INFO o.a.j.t.JMeterThread: Thread finished: Load main page and select random product 1-1
2018-05-02 17:01:43,470 INFO o.a.j.e.StandardJMeterEngine: Notifying test listeners of end of test
2018-05-02 17:01:43,470 INFO o.a.j.g.u.JMeterMenuBar: setRunning(false, *local*)
2018-05-02 17:01:49,673 INFO o.a.j.e.StandardJMeterEngine: Running the test!
2018-05-02 17:01:49,673 INFO o.a.j.s.SampleEvent: List of sample_variables: []
2018-05-02 17:01:49,673 INFO o.a.j.g.u.JMeterMenuBar: setRunning(true, *local*)
2018-05-02 17:01:49,819 INFO o.a.j.e.StandardJMeterEngine: Starting ThreadGroup: 1 : Load main page and select random product
2018-05-02 17:01:49,819 INFO o.a.j.e.StandardJMeterEngine: Starting 10 threads for group Load main page and select random product.
2018-05-02 17:01:49,819 INFO o.a.j.e.StandardJMeterEngine: Thread will continue on error
2018-05-02 17:01:49,819 INFO o.a.j.t.ThreadGroup: Starting thread group... number=1 threads=10 ramp-up=1 perThread=100.0 delayedStart=false
2018-05-02 17:01:49,820 INFO o.a.j.t.JMeterThread: Thread started: Load main page and select random product 1-1
2018-05-02 17:01:49,822 INFO o.a.j.t.ThreadGroup: Started thread group number 1
2018-05-02 17:01:49,822 INFO o.a.j.e.StandardJMeterEngine: Starting ThreadGroup: 2 : Search
2018-05-02 17:01:49,822 INFO o.a.j.e.StandardJMeterEngine: Starting 10 threads for group Search.
2018-05-02 17:01:49,822 INFO o.a.j.e.StandardJMeterEngine: Thread will continue on error
2018-05-02 17:01:49,822 INFO o.a.j.t.ThreadGroup: Starting thread group... number=2 threads=10 ramp-up=2 perThread=200.0 delayedStart=false
2018-05-02 17:01:49,822 INFO o.a.j.t.JMeterThread: Thread started: Search 2-1
2018-05-02 17:01:49,823 INFO o.a.j.t.JMeterThread: Thread is done: Search 2-1
2018-05-02 17:01:49,823 INFO o.a.j.t.JMeterThread: Thread finished: Search 2-1
2018-05-02 17:01:49,824 INFO o.a.j.t.ThreadGroup: Started thread group number 2
2018-05-02 17:01:49,824 INFO o.a.j.e.StandardJMeterEngine: All thread groups have been started
2018-05-02 17:01:49,923 INFO o.a.j.t.JMeterThread: Thread started: Load main page and select random product 1-2
2018-05-02 17:01:50,026 INFO o.a.j.t.JMeterThread: Thread started: Search 2-2
2018-05-02 17:01:50,026 INFO o.a.j.t.JMeterThread: Thread started: Load main page and select random product 1-3
2018-05-02 17:01:50,026 INFO o.a.j.t.JMeterThread: Thread is done: Search 2-2
2018-05-02 17:01:50,026 INFO o.a.j.t.JMeterThread: Thread finished: Search 2-2
2018-05-02 17:01:50,126 INFO o.a.j.t.JMeterThread: Thread started: Load main page and select random product 1-4
2018-05-02 17:01:50,222 INFO o.a.j.t.JMeterThread: Thread started: Load main page and select random product 1-5
2018-05-02 17:01:50,223 INFO o.a.j.t.JMeterThread: Thread started: Search 2-3
2018-05-02 17:01:50,223 INFO o.a.j.t.JMeterThread: Thread is done: Search 2-3
2018-05-02 17:01:50,223 INFO o.a.j.t.JMeterThread: Thread finished: Search 2-3
2018-05-02 17:01:50,325 INFO o.a.j.t.JMeterThread: Thread started: Load main page and select random product 1-6
2018-05-02 17:01:50,425 INFO o.a.j.t.JMeterThread: Thread started: Search 2-4
2018-05-02 17:01:50,425 INFO o.a.j.t.JMeterThread: Thread started: Load main page and select random product 1-7
2018-05-02 17:01:50,426 INFO o.a.j.t.JMeterThread: Thread is done: Search 2-4
2018-05-02 17:01:50,426 INFO o.a.j.t.JMeterThread: Thread finished: Search 2-4
2018-05-02 17:01:50,527 INFO o.a.j.t.JMeterThread: Thread started: Load main page and select random product 1-8
2018-05-02 17:01:50,623 INFO o.a.j.t.JMeterThread: Thread started: Load main page and select random product 1-9
2018-05-02 17:01:50,627 INFO o.a.j.t.JMeterThread: Thread started: Search 2-5
2018-05-02 17:01:50,627 INFO o.a.j.t.JMeterThread: Thread is done: Search 2-5
2018-05-02 17:01:50,627 INFO o.a.j.t.JMeterThread: Thread finished: Search 2-5
2018-05-02 17:01:50,724 INFO o.a.j.t.JMeterThread: Thread started: Load main page and select random product 1-10
2018-05-02 17:01:50,825 INFO o.a.j.t.JMeterThread: Thread started: Search 2-6
2018-05-02 17:01:50,826 INFO o.a.j.t.JMeterThread: Thread is done: Search 2-6
2018-05-02 17:01:50,826 INFO o.a.j.t.JMeterThread: Thread finished: Search 2-6
2018-05-02 17:01:51,026 INFO o.a.j.t.JMeterThread: Thread started: Search 2-7
2018-05-02 17:01:51,026 INFO o.a.j.t.JMeterThread: Thread is done: Search 2-7
2018-05-02 17:01:51,026 INFO o.a.j.t.JMeterThread: Thread finished: Search 2-7
2018-05-02 17:01:51,225 INFO o.a.j.t.JMeterThread: Thread started: Search 2-8
2018-05-02 17:01:51,225 INFO o.a.j.t.JMeterThread: Thread is done: Search 2-8
2018-05-02 17:01:51,225 INFO o.a.j.t.JMeterThread: Thread finished: Search 2-8
2018-05-02 17:01:51,425 INFO o.a.j.t.JMeterThread: Thread started: Search 2-9
2018-05-02 17:01:51,425 INFO o.a.j.t.JMeterThread: Thread is done: Search 2-9
2018-05-02 17:01:51,425 INFO o.a.j.t.JMeterThread: Thread finished: Search 2-9
2018-05-02 17:01:51,624 INFO o.a.j.t.JMeterThread: Thread started: Search 2-10
2018-05-02 17:01:51,625 INFO o.a.j.t.JMeterThread: Thread is done: Search 2-10
2018-05-02 17:01:51,625 INFO o.a.j.t.JMeterThread: Thread finished: Search 2-10
2018-05-02 17:02:47,506 INFO o.a.j.t.JMeterThread: Thread is done: Load main page and select random product 1-2
2018-05-02 17:02:47,506 INFO o.a.j.t.JMeterThread: Thread finished: Load main page and select random product 1-2
2018-05-02 17:02:47,756 INFO o.a.j.t.JMeterThread: Thread is done: Load main page and select random product 1-3
2018-05-02 17:02:47,756 INFO o.a.j.t.JMeterThread: Thread finished: Load main page and select random product 1-3
2018-05-02 17:02:48,330 INFO o.a.j.t.JMeterThread: Thread is done: Load main page and select random product 1-1
2018-05-02 17:02:48,331 INFO o.a.j.t.JMeterThread: Thread finished: Load main page and select random product 1-1
2018-05-02 17:02:49,308 INFO o.a.j.t.JMeterThread: Thread is done: Load main page and select random product 1-5
2018-05-02 17:02:49,308 INFO o.a.j.t.JMeterThread: Thread finished: Load main page and select random product 1-5
2018-05-02 17:02:50,147 INFO o.a.j.t.JMeterThread: Thread is done: Load main page and select random product 1-7
2018-05-02 17:02:50,147 INFO o.a.j.t.JMeterThread: Thread finished: Load main page and select random product 1-7
2018-05-02 17:02:50,888 INFO o.a.j.t.JMeterThread: Thread is done: Load main page and select random product 1-6
2018-05-02 17:02:50,888 INFO o.a.j.t.JMeterThread: Thread finished: Load main page and select random product 1-6
2018-05-02 17:02:50,913 INFO o.a.j.t.JMeterThread: Thread is done: Load main page and select random product 1-8
2018-05-02 17:02:50,913 INFO o.a.j.t.JMeterThread: Thread finished: Load main page and select random product 1-8
2018-05-02 17:02:51,343 INFO o.a.j.t.JMeterThread: Thread is done: Load main page and select random product 1-4
2018-05-02 17:02:51,343 INFO o.a.j.t.JMeterThread: Thread finished: Load main page and select random product 1-4
2018-05-02 17:02:51,353 INFO o.a.j.t.JMeterThread: Thread is done: Load main page and select random product 1-10
2018-05-02 17:02:51,353 INFO o.a.j.t.JMeterThread: Thread finished: Load main page and select random product 1-10
2018-05-02 17:02:51,848 INFO o.a.j.t.JMeterThread: Thread is done: Load main page and select random product 1-9
2018-05-02 17:02:51,848 INFO o.a.j.t.JMeterThread: Thread finished: Load main page and select random product 1-9
2018-05-02 17:02:51,848 INFO o.a.j.e.StandardJMeterEngine: Notifying test listeners of end of test
2018-05-02 17:02:51,848 INFO o.a.j.g.u.JMeterMenuBar: setRunning(false, *local*)
